2010-05-10 14:17:47 Notice: Notice (8): Undefined property: View::$Javascript in [/home/rudy/www/vertizon/views/layouts/default.ctp, line 11]
2010-05-10 14:17:47 Notice: Notice (8): Undefined property: View::$Javascript in [/home/rudy/www/vertizon/views/layouts/default.ctp, line 11]
2010-05-10 14:28:21 Notice: Notice (8): Undefined variable: body in [/home/rudy/www/vertizon/views/layouts/default.ctp, line 93]
2010-05-10 14:28:21 Notice: Notice (8): Undefined variable: body in [/home/rudy/www/vertizon/views/layouts/default.ctp, line 93]
2010-05-10 14:28:21 Notice: Notice (8): Undefined variable: body in [/home/rudy/www/vertizon/views/layouts/default.ctp, line 93]
2010-05-10 14:28:21 Notice: Notice (8): Undefined variable: body in [/home/rudy/www/vertizon/views/layouts/default.ctp, line 93]
2010-05-10 14:28:22 Notice: Notice (8): Undefined variable: body in [/home/rudy/www/vertizon/views/layouts/default.ctp, line 93]
2010-05-10 14:28:22 Notice: Notice (8): Undefined variable: body in [/home/rudy/www/vertizon/views/layouts/default.ctp, line 93]
2010-05-10 14:28:22 Notice: Notice (8): Undefined variable: body in [/home/rudy/www/vertizon/views/layouts/default.ctp, line 93]
2010-05-10 14:28:22 Notice: Notice (8): Undefined variable: body in [/home/rudy/www/vertizon/views/layouts/default.ctp, line 93]
2010-05-10 14:28:22 Notice: Notice (8): Undefined variable: body in [/home/rudy/www/vertizon/views/layouts/default.ctp, line 93]
2010-05-10 14:28:22 Notice: Notice (8): Undefined variable: body in [/home/rudy/www/vertizon/views/layouts/default.ctp, line 93]
2010-05-10 14:28:22 Notice: Notice (8): Undefined variable: body in [/home/rudy/www/vertizon/views/layouts/default.ctp, line 93]
2010-05-10 14:28:22 Notice: Notice (8): Undefined variable: body in [/home/rudy/www/vertizon/views/layouts/default.ctp, line 93]
2010-05-10 14:28:22 Notice: Notice (8): Undefined variable: body in [/home/rudy/www/vertizon/views/layouts/default.ctp, line 93]
2010-05-10 14:28:22 Notice: Notice (8): Undefined variable: body in [/home/rudy/www/vertizon/views/layouts/default.ctp, line 93]
2010-05-10 14:28:22 Notice: Notice (8): Undefined variable: body in [/home/rudy/www/vertizon/views/layouts/default.ctp, line 93]
2010-05-10 14:28:22 Notice: Notice (8): Undefined variable: body in [/home/rudy/www/vertizon/views/layouts/default.ctp, line 93]
2010-05-10 14:28:22 Notice: Notice (8): Undefined variable: body in [/home/rudy/www/vertizon/views/layouts/default.ctp, line 93]
2010-05-10 14:28:22 Notice: Notice (8): Undefined variable: body in [/home/rudy/www/vertizon/views/layouts/default.ctp, line 93]
2010-05-10 14:28:22 Notice: Notice (8): Undefined variable: body in [/home/rudy/www/vertizon/views/layouts/default.ctp, line 93]
2010-05-10 14:28:22 Notice: Notice (8): Undefined variable: body in [/home/rudy/www/vertizon/views/layouts/default.ctp, line 93]
2010-05-10 14:28:22 Notice: Notice (8): Undefined variable: body in [/home/rudy/www/vertizon/views/layouts/default.ctp, line 93]
2010-05-10 14:28:22 Notice: Notice (8): Undefined variable: body in [/home/rudy/www/vertizon/views/layouts/default.ctp, line 93]
2010-05-10 14:28:22 Notice: Notice (8): Undefined variable: body in [/home/rudy/www/vertizon/views/layouts/default.ctp, line 93]
2010-05-10 14:28:22 Notice: Notice (8): Undefined variable: body in [/home/rudy/www/vertizon/views/layouts/default.ctp, line 93]
2010-05-10 14:28:22 Notice: Notice (8): Undefined variable: body in [/home/rudy/www/vertizon/views/layouts/default.ctp, line 93]
2010-05-10 14:28:22 Notice: Notice (8): Undefined variable: body in [/home/rudy/www/vertizon/views/layouts/default.ctp, line 93]
2010-05-10 14:28:22 Notice: Notice (8): Undefined variable: body in [/home/rudy/www/vertizon/views/layouts/default.ctp, line 93]
2010-05-10 14:28:22 Notice: Notice (8): Undefined variable: body in [/home/rudy/www/vertizon/views/layouts/default.ctp, line 93]
2010-05-10 14:28:22 Notice: Notice (8): Undefined variable: body in [/home/rudy/www/vertizon/views/layouts/default.ctp, line 93]
2010-05-10 14:28:23 Notice: Notice (8): Undefined variable: body in [/home/rudy/www/vertizon/views/layouts/default.ctp, line 93]
2010-05-10 14:28:23 Notice: Notice (8): Undefined variable: body in [/home/rudy/www/vertizon/views/layouts/default.ctp, line 93]
2010-05-10 14:28:23 Notice: Notice (8): Undefined variable: body in [/home/rudy/www/vertizon/views/layouts/default.ctp, line 93]
2010-05-10 14:28:23 Notice: Notice (8): Undefined variable: body in [/home/rudy/www/vertizon/views/layouts/default.ctp, line 93]
2010-05-10 14:28:23 Notice: Notice (8): Undefined variable: body in [/home/rudy/www/vertizon/views/layouts/default.ctp, line 93]
2010-05-10 14:28:23 Notice: Notice (8): Undefined variable: body in [/home/rudy/www/vertizon/views/layouts/default.ctp, line 93]
2010-05-10 14:28:23 Notice: Notice (8): Undefined variable: body in [/home/rudy/www/vertizon/views/layouts/default.ctp, line 93]
2010-05-10 14:28:23 Notice: Notice (8): Undefined variable: body in [/home/rudy/www/vertizon/views/layouts/default.ctp, line 93]
2010-05-10 14:28:23 Notice: Notice (8): Undefined variable: body in [/home/rudy/www/vertizon/views/layouts/default.ctp, line 93]
2010-05-10 14:28:23 Notice: Notice (8): Undefined variable: body in [/home/rudy/www/vertizon/views/layouts/default.ctp, line 93]
2010-05-10 14:28:30 Notice: Notice (8): Undefined variable: body in [/home/rudy/www/vertizon/views/layouts/default.ctp, line 93]
2010-05-10 14:31:58 Notice: Notice (8): Undefined variable: body in [/home/rudy/www/vertizon/views/layouts/default.ctp, line 93]
2010-05-10 14:31:58 Notice: Notice (8): Undefined variable: body in [/home/rudy/www/vertizon/views/layouts/default.ctp, line 93]
2010-05-10 14:31:58 Notice: Notice (8): Undefined variable: body in [/home/rudy/www/vertizon/views/layouts/default.ctp, line 93]
2010-05-10 14:31:58 Notice: Notice (8): Undefined variable: body in [/home/rudy/www/vertizon/views/layouts/default.ctp, line 93]
2010-05-10 14:31:58 Notice: Notice (8): Undefined variable: body in [/home/rudy/www/vertizon/views/layouts/default.ctp, line 93]
2010-05-10 14:31:58 Notice: Notice (8): Undefined variable: body in [/home/rudy/www/vertizon/views/layouts/default.ctp, line 93]
2010-05-10 14:31:58 Notice: Notice (8): Undefined variable: body in [/home/rudy/www/vertizon/views/layouts/default.ctp, line 93]
2010-05-10 14:31:58 Notice: Notice (8): Undefined variable: body in [/home/rudy/www/vertizon/views/layouts/default.ctp, line 93]
2010-05-10 14:31:58 Notice: Notice (8): Undefined variable: body in [/home/rudy/www/vertizon/views/layouts/default.ctp, line 93]
2010-05-10 14:31:58 Notice: Notice (8): Undefined variable: body in [/home/rudy/www/vertizon/views/layouts/default.ctp, line 93]
2010-05-10 14:31:58 Notice: Notice (8): Undefined variable: body in [/home/rudy/www/vertizon/views/layouts/default.ctp, line 93]
2010-05-10 14:31:58 Notice: Notice (8): Undefined variable: body in [/home/rudy/www/vertizon/views/layouts/default.ctp, line 93]
2010-05-10 14:31:59 Notice: Notice (8): Undefined variable: body in [/home/rudy/www/vertizon/views/layouts/default.ctp, line 93]
2010-05-15 00:25:10 Notice: Notice (8): Uninitialized string offset: 0 in [/home/rudy/www/cake/cake/libs/view/helpers/html.php, line 608]
2010-05-15 00:25:10 Notice: Notice (8): Array to string conversion in [/home/rudy/www/cake/cake/libs/router.php, line 1556]
2010-05-15 00:25:53 Notice: Notice (8): Uninitialized string offset: 0 in [/home/rudy/www/cake/cake/libs/view/helpers/html.php, line 608]
2010-05-15 00:30:36 Notice: Notice (8): Undefined offset: 0 in [/home/rudy/www/vertizon/views/contents/index.ctp, line 17]
2010-05-15 00:30:37 Notice: Notice (8): Undefined offset: 0 in [/home/rudy/www/vertizon/views/contents/index.ctp, line 17]
2010-05-15 00:30:37 Notice: Notice (8): Undefined offset: 0 in [/home/rudy/www/vertizon/views/contents/index.ctp, line 17]
2010-05-15 00:30:37 Notice: Notice (8): Undefined offset: 0 in [/home/rudy/www/vertizon/views/contents/index.ctp, line 17]
2010-05-15 00:30:37 Notice: Notice (8): Undefined offset: 0 in [/home/rudy/www/vertizon/views/contents/index.ctp, line 17]
2010-05-15 00:30:37 Notice: Notice (8): Undefined offset: 0 in [/home/rudy/www/vertizon/views/contents/index.ctp, line 17]
2010-05-15 00:31:14 Notice: Notice (8): Undefined offset: 0 in [/home/rudy/www/vertizon/views/contents/index.ctp, line 17]
2010-05-15 00:31:14 Notice: Notice (8): Undefined offset: 0 in [/home/rudy/www/vertizon/views/contents/index.ctp, line 17]
2010-05-15 00:31:14 Notice: Notice (8): Undefined offset: 0 in [/home/rudy/www/vertizon/views/contents/index.ctp, line 17]
2010-05-15 00:31:14 Notice: Notice (8): Undefined offset: 0 in [/home/rudy/www/vertizon/views/contents/index.ctp, line 17]
2010-05-15 00:31:14 Notice: Notice (8): Undefined offset: 0 in [/home/rudy/www/vertizon/views/contents/index.ctp, line 17]
2010-05-15 00:38:41 Notice: Notice (8): Undefined offset: 0 in [/home/rudy/www/vertizon/views/contents/index.ctp, line 18]
2010-05-15 00:38:41 Notice: Notice (8): Undefined offset: 0 in [/home/rudy/www/vertizon/views/contents/index.ctp, line 18]
2010-05-15 00:38:41 Notice: Notice (8): Undefined offset: 0 in [/home/rudy/www/vertizon/views/contents/index.ctp, line 18]
2010-05-15 00:38:41 Notice: Notice (8): Undefined offset: 0 in [/home/rudy/www/vertizon/views/contents/index.ctp, line 18]
2010-05-15 00:38:41 Notice: Notice (8): Undefined offset: 0 in [/home/rudy/www/vertizon/views/contents/index.ctp, line 18]
2010-05-15 00:39:01 Notice: Notice (8): Undefined offset: 0 in [/home/rudy/www/vertizon/views/contents/index.ctp, line 18]
2010-05-15 00:39:01 Notice: Notice (8): Undefined offset: 0 in [/home/rudy/www/vertizon/views/contents/index.ctp, line 18]
2010-05-15 00:39:01 Notice: Notice (8): Undefined offset: 0 in [/home/rudy/www/vertizon/views/contents/index.ctp, line 18]
2010-05-15 00:39:01 Notice: Notice (8): Undefined offset: 0 in [/home/rudy/www/vertizon/views/contents/index.ctp, line 18]
2010-05-15 00:48:11 Notice: Notice (8): Undefined offset: 0 in [/home/rudy/www/vertizon/views/contents/index.ctp, line 8]
2010-05-15 00:48:11 Notice: Notice (8): Undefined offset: 0 in [/home/rudy/www/vertizon/views/contents/index.ctp, line 8]
2010-05-15 00:48:11 Notice: Notice (8): Undefined offset: 0 in [/home/rudy/www/vertizon/views/contents/index.ctp, line 8]
2010-05-15 00:49:27 Notice: Notice (8): Undefined offset: 0 in [/home/rudy/www/vertizon/views/contents/index.ctp, line 8]
2010-05-15 00:49:27 Notice: Notice (8): Undefined offset: 0 in [/home/rudy/www/vertizon/views/contents/index.ctp, line 8]
2010-05-15 00:49:27 Notice: Notice (8): Undefined offset: 0 in [/home/rudy/www/vertizon/views/contents/index.ctp, line 8]
2010-05-15 00:49:28 Notice: Notice (8): Undefined variable: contents in [/home/rudy/www/vertizon/views/contents/view.ctp, line 8]
2010-05-15 00:49:28 Notice: Notice (8): Undefined variable: contents in [/home/rudy/www/vertizon/views/contents/view.ctp, line 8]
2010-05-15 00:49:28 Notice: Notice (8): Undefined variable: contents in [/home/rudy/www/vertizon/views/contents/view.ctp, line 8]
2010-05-15 00:49:28 Notice: Notice (8): Undefined variable: contents in [/home/rudy/www/vertizon/views/contents/view.ctp, line 8]
2010-05-15 00:51:46 Notice: Notice (8): Undefined offset: 0 in [/home/rudy/www/vertizon/views/contents/index.ctp, line 8]
2010-05-15 00:51:46 Notice: Notice (8): Undefined offset: 0 in [/home/rudy/www/vertizon/views/contents/index.ctp, line 8]
2010-05-15 00:51:46 Notice: Notice (8): Undefined offset: 0 in [/home/rudy/www/vertizon/views/contents/index.ctp, line 8]
2010-05-15 00:51:47 Notice: Notice (8): Undefined offset: 0 in [/home/rudy/www/vertizon/views/contents/index.ctp, line 8]
2010-05-15 00:51:49 Notice: Notice (8): Undefined offset: 0 in [/home/rudy/www/vertizon/views/contents/index.ctp, line 8]
2010-05-15 00:51:49 Notice: Notice (8): Undefined offset: 0 in [/home/rudy/www/vertizon/views/contents/index.ctp, line 8]
2010-05-15 00:51:49 Notice: Notice (8): Undefined offset: 0 in [/home/rudy/www/vertizon/views/contents/index.ctp, line 8]
2010-05-15 11:27:33 Notice: Notice (8): Undefined offset: 0 in [/home/rudy/www/vertizon/views/contents/index.ctp, line 8]
2010-05-15 11:27:33 Notice: Notice (8): Undefined offset: 0 in [/home/rudy/www/vertizon/views/contents/index.ctp, line 8]
2010-05-15 11:27:33 Notice: Notice (8): Undefined offset: 0 in [/home/rudy/www/vertizon/views/contents/index.ctp, line 8]
2010-05-15 14:21:48 Notice: Notice (8): Undefined offset: 0 in [/home/rudy/www/vertizon/views/contents/index.ctp, line 8]
2010-05-15 14:21:48 Notice: Notice (8): Undefined offset: 0 in [/home/rudy/www/vertizon/views/contents/index.ctp, line 8]
2010-05-15 14:21:48 Notice: Notice (8): Undefined offset: 0 in [/home/rudy/www/vertizon/views/contents/index.ctp, line 8]
2010-05-15 14:24:40 Notice: Notice (8): Undefined offset: 0 in [/home/rudy/www/vertizon/views/contents/index.ctp, line 8]
2010-05-15 14:24:40 Notice: Notice (8): Undefined offset: 0 in [/home/rudy/www/vertizon/views/contents/index.ctp, line 8]
2010-05-15 14:24:40 Notice: Notice (8): Undefined offset: 0 in [/home/rudy/www/vertizon/views/contents/index.ctp, line 8]
2010-05-15 14:24:59 Notice: Notice (8): Undefined offset: 0 in [/home/rudy/www/vertizon/views/contents/index.ctp, line 8]
2010-05-15 14:25:00 Notice: Notice (8): Undefined offset: 0 in [/home/rudy/www/vertizon/views/contents/index.ctp, line 8]
2010-05-15 14:25:00 Notice: Notice (8): Undefined offset: 0 in [/home/rudy/www/vertizon/views/contents/index.ctp, line 8]
2010-05-15 14:25:00 Notice: Notice (8): Undefined offset: 0 in [/home/rudy/www/vertizon/views/contents/index.ctp, line 8]
2010-05-15 14:25:01 Notice: Notice (8): Undefined offset: 0 in [/home/rudy/www/vertizon/views/contents/index.ctp, line 8]
2010-05-15 14:25:01 Notice: Notice (8): Undefined offset: 0 in [/home/rudy/www/vertizon/views/contents/index.ctp, line 8]
2010-05-15 14:25:02 Notice: Notice (8): Undefined offset: 0 in [/home/rudy/www/vertizon/views/contents/index.ctp, line 8]
2010-05-15 14:25:02 Notice: Notice (8): Undefined offset: 0 in [/home/rudy/www/vertizon/views/contents/index.ctp, line 8]
2010-05-15 14:48:15 Notice: Notice (8): Undefined offset: 0 in [/home/rudy/www/vertizon/views/contents/index.ctp, line 8]
2010-05-15 14:48:15 Notice: Notice (8): Undefined offset: 0 in [/home/rudy/www/vertizon/views/contents/index.ctp, line 8]
2010-05-15 14:48:16 Notice: Notice (8): Undefined offset: 0 in [/home/rudy/www/vertizon/views/contents/index.ctp, line 8]
2010-05-15 14:48:16 Notice: Notice (8): Undefined offset: 0 in [/home/rudy/www/vertizon/views/contents/index.ctp, line 8]
2010-05-15 14:48:19 Notice: Notice (8): Undefined offset: 0 in [/home/rudy/www/vertizon/views/contents/index.ctp, line 8]
2010-05-15 14:48:19 Notice: Notice (8): Undefined offset: 0 in [/home/rudy/www/vertizon/views/contents/index.ctp, line 8]
2010-05-15 14:48:19 Notice: Notice (8): Undefined offset: 0 in [/home/rudy/www/vertizon/views/contents/index.ctp, line 8]
2010-05-15 14:48:20 Notice: Notice (8): Undefined offset: 0 in [/home/rudy/www/vertizon/views/contents/index.ctp, line 8]
2010-05-15 14:48:20 Notice: Notice (8): Undefined offset: 0 in [/home/rudy/www/vertizon/views/contents/index.ctp, line 8]
2010-05-15 14:48:20 Notice: Notice (8): Undefined offset: 0 in [/home/rudy/www/vertizon/views/contents/index.ctp, line 8]
2010-05-15 15:46:48 Notice: Notice (8): Undefined offset: 0 in [/home/rudy/www/vertizon/views/contents/index.ctp, line 8]
2010-05-15 15:46:48 Notice: Notice (8): Undefined offset: 0 in [/home/rudy/www/vertizon/views/contents/index.ctp, line 8]
2010-05-15 15:46:48 Notice: Notice (8): Undefined offset: 0 in [/home/rudy/www/vertizon/views/contents/index.ctp, line 8]
2010-05-15 15:47:57 Notice: Notice (8): Undefined offset: 0 in [/home/rudy/www/vertizon/views/contents/index.ctp, line 8]
2010-05-15 15:47:58 Notice: Notice (8): Undefined offset: 0 in [/home/rudy/www/vertizon/views/contents/index.ctp, line 8]
2010-05-15 15:47:58 Notice: Notice (8): Undefined offset: 0 in [/home/rudy/www/vertizon/views/contents/index.ctp, line 8]
2010-05-15 15:48:14 Notice: Notice (8): Undefined offset: 0 in [/home/rudy/www/vertizon/views/contents/index.ctp, line 8]
2010-05-15 15:48:14 Notice: Notice (8): Undefined offset: 0 in [/home/rudy/www/vertizon/views/contents/index.ctp, line 8]
2010-05-15 15:48:14 Notice: Notice (8): Undefined offset: 0 in [/home/rudy/www/vertizon/views/contents/index.ctp, line 8]
2010-05-15 15:49:23 Notice: Notice (8): Uninitialized string offset: 0 in [/home/rudy/www/cake/cake/libs/view/helpers/html.php, line 608]
2010-05-15 15:49:23 Notice: Notice (8): Undefined offset: 0 in [/home/rudy/www/vertizon/views/contents/index.ctp, line 8]
2010-05-15 15:49:23 Notice: Notice (8): Undefined offset: 0 in [/home/rudy/www/vertizon/views/contents/index.ctp, line 8]
2010-05-15 15:49:23 Notice: Notice (8): Undefined offset: 0 in [/home/rudy/www/vertizon/views/contents/index.ctp, line 8]
2010-05-15 15:50:37 Notice: Notice (8): Undefined offset: 0 in [/home/rudy/www/vertizon/views/contents/index.ctp, line 8]
2010-05-15 15:50:37 Notice: Notice (8): Undefined offset: 0 in [/home/rudy/www/vertizon/views/contents/index.ctp, line 8]
2010-05-15 15:50:37 Notice: Notice (8): Undefined offset: 0 in [/home/rudy/www/vertizon/views/contents/index.ctp, line 8]
2010-05-15 15:53:12 Notice: Notice (8): Undefined offset: 0 in [/home/rudy/www/vertizon/views/contents/index.ctp, line 8]
2010-05-15 15:53:12 Notice: Notice (8): Undefined offset: 0 in [/home/rudy/www/vertizon/views/contents/index.ctp, line 8]
2010-05-15 15:53:12 Notice: Notice (8): Undefined offset: 0 in [/home/rudy/www/vertizon/views/contents/index.ctp, line 8]
2010-05-15 15:53:55 Notice: Notice (8): Undefined offset: 0 in [/home/rudy/www/vertizon/views/contents/index.ctp, line 8]
2010-05-15 15:53:55 Notice: Notice (8): Undefined offset: 0 in [/home/rudy/www/vertizon/views/contents/index.ctp, line 8]
2010-05-15 15:53:55 Notice: Notice (8): Undefined offset: 0 in [/home/rudy/www/vertizon/views/contents/index.ctp, line 8]
2010-05-15 15:54:23 Notice: Notice (8): Undefined offset: 0 in [/home/rudy/www/vertizon/views/contents/index.ctp, line 8]
2010-05-15 15:54:23 Notice: Notice (8): Undefined offset: 0 in [/home/rudy/www/vertizon/views/contents/index.ctp, line 8]
2010-05-15 15:54:23 Notice: Notice (8): Undefined offset: 0 in [/home/rudy/www/vertizon/views/contents/index.ctp, line 8]
2010-05-15 15:54:39 Notice: Notice (8): Uninitialized string offset: 0 in [/home/rudy/www/cake/cake/libs/view/helpers/html.php, line 608]
2010-05-15 16:00:51 Notice: Notice (8): Undefined offset: 0 in [/home/rudy/www/vertizon/views/contents/index.ctp, line 8]
2010-05-15 16:00:51 Notice: Notice (8): Undefined offset: 0 in [/home/rudy/www/vertizon/views/contents/index.ctp, line 8]
2010-05-15 16:00:51 Notice: Notice (8): Undefined offset: 0 in [/home/rudy/www/vertizon/views/contents/index.ctp, line 8]
2010-05-15 16:01:08 Notice: Notice (8): Undefined offset: 0 in [/home/rudy/www/vertizon/views/contents/index.ctp, line 8]
2010-05-15 16:01:08 Notice: Notice (8): Undefined offset: 0 in [/home/rudy/www/vertizon/views/contents/index.ctp, line 8]
2010-05-15 16:01:08 Notice: Notice (8): Undefined offset: 0 in [/home/rudy/www/vertizon/views/contents/index.ctp, line 8]
2010-05-15 16:04:07 Notice: Notice (8): Undefined offset: 0 in [/home/rudy/www/vertizon/views/contents/index.ctp, line 8]
2010-05-15 16:04:07 Notice: Notice (8): Undefined offset: 0 in [/home/rudy/www/vertizon/views/contents/index.ctp, line 8]
2010-05-15 16:04:07 Notice: Notice (8): Undefined offset: 0 in [/home/rudy/www/vertizon/views/contents/index.ctp, line 8]
2010-05-15 16:14:24 Notice: Notice (8): Undefined offset: 0 in [/home/rudy/www/vertizon/views/contents/index.ctp, line 8]
2010-05-15 16:14:24 Notice: Notice (8): Undefined offset: 0 in [/home/rudy/www/vertizon/views/contents/index.ctp, line 8]
2010-05-15 16:14:24 Notice: Notice (8): Undefined offset: 0 in [/home/rudy/www/vertizon/views/contents/index.ctp, line 8]
2010-05-15 16:14:36 Notice: Notice (8): Undefined offset: 0 in [/home/rudy/www/vertizon/views/contents/index.ctp, line 8]
2010-05-15 16:14:36 Notice: Notice (8): Undefined offset: 0 in [/home/rudy/www/vertizon/views/contents/index.ctp, line 8]
2010-05-15 16:14:36 Notice: Notice (8): Undefined offset: 0 in [/home/rudy/www/vertizon/views/contents/index.ctp, line 8]
2010-05-15 16:14:40 Notice: Notice (8): Undefined offset: 0 in [/home/rudy/www/vertizon/views/contents/index.ctp, line 8]
2010-05-15 16:14:41 Notice: Notice (8): Undefined offset: 0 in [/home/rudy/www/vertizon/views/contents/index.ctp, line 8]
2010-05-15 16:14:41 Notice: Notice (8): Undefined offset: 0 in [/home/rudy/www/vertizon/views/contents/index.ctp, line 8]
2010-05-15 16:14:48 Notice: Notice (8): Undefined offset: 0 in [/home/rudy/www/vertizon/views/contents/index.ctp, line 8]
2010-05-15 16:14:48 Notice: Notice (8): Undefined offset: 0 in [/home/rudy/www/vertizon/views/contents/index.ctp, line 8]
2010-05-15 16:14:48 Notice: Notice (8): Undefined offset: 0 in [/home/rudy/www/vertizon/views/contents/index.ctp, line 8]
2010-05-15 16:14:57 Notice: Notice (8): Undefined offset: 0 in [/home/rudy/www/vertizon/views/contents/index.ctp, line 8]
2010-05-15 16:14:57 Notice: Notice (8): Undefined offset: 0 in [/home/rudy/www/vertizon/views/contents/index.ctp, line 8]
2010-05-15 16:14:57 Notice: Notice (8): Undefined offset: 0 in [/home/rudy/www/vertizon/views/contents/index.ctp, line 8]
2010-05-15 16:15:00 Notice: Notice (8): Undefined offset: 0 in [/home/rudy/www/vertizon/views/contents/index.ctp, line 8]
2010-05-15 16:15:00 Notice: Notice (8): Undefined offset: 0 in [/home/rudy/www/vertizon/views/contents/index.ctp, line 8]
2010-05-15 16:15:00 Notice: Notice (8): Undefined offset: 0 in [/home/rudy/www/vertizon/views/contents/index.ctp, line 8]
2010-05-15 16:15:07 Notice: Notice (8): Undefined offset: 0 in [/home/rudy/www/vertizon/views/contents/index.ctp, line 8]
2010-05-15 16:15:07 Notice: Notice (8): Undefined offset: 0 in [/home/rudy/www/vertizon/views/contents/index.ctp, line 8]
2010-05-15 16:15:07 Notice: Notice (8): Undefined offset: 0 in [/home/rudy/www/vertizon/views/contents/index.ctp, line 8]
2010-05-15 16:15:16 Notice: Notice (8): Undefined offset: 0 in [/home/rudy/www/vertizon/views/contents/index.ctp, line 8]
2010-05-15 16:15:16 Notice: Notice (8): Undefined offset: 0 in [/home/rudy/www/vertizon/views/contents/index.ctp, line 8]
2010-05-15 16:15:16 Notice: Notice (8): Undefined offset: 0 in [/home/rudy/www/vertizon/views/contents/index.ctp, line 8]
2010-05-15 16:15:51 Notice: Notice (8): Undefined offset: 0 in [/home/rudy/www/vertizon/views/contents/index.ctp, line 8]
2010-05-15 16:15:51 Notice: Notice (8): Undefined offset: 0 in [/home/rudy/www/vertizon/views/contents/index.ctp, line 8]
2010-05-15 16:15:51 Notice: Notice (8): Undefined offset: 0 in [/home/rudy/www/vertizon/views/contents/index.ctp, line 8]
2010-05-15 16:16:30 Notice: Notice (8): Undefined offset: 0 in [/home/rudy/www/vertizon/views/contents/index.ctp, line 8]
2010-05-15 16:16:30 Notice: Notice (8): Undefined offset: 0 in [/home/rudy/www/vertizon/views/contents/index.ctp, line 8]
2010-05-15 16:16:30 Notice: Notice (8): Undefined offset: 0 in [/home/rudy/www/vertizon/views/contents/index.ctp, line 8]
2010-05-15 16:16:30 Notice: Notice (8): Undefined offset: 0 in [/home/rudy/www/vertizon/views/contents/index.ctp, line 8]
2010-05-15 16:16:32 Notice: Notice (8): Undefined offset: 0 in [/home/rudy/www/vertizon/views/contents/index.ctp, line 8]
2010-05-15 16:16:32 Notice: Notice (8): Undefined offset: 0 in [/home/rudy/www/vertizon/views/contents/index.ctp, line 8]
2010-05-15 16:16:32 Notice: Notice (8): Undefined offset: 0 in [/home/rudy/www/vertizon/views/contents/index.ctp, line 8]
2010-05-15 16:16:32 Notice: Notice (8): Undefined offset: 0 in [/home/rudy/www/vertizon/views/contents/index.ctp, line 8]
2010-05-15 16:16:34 Notice: Notice (8): Undefined offset: 0 in [/home/rudy/www/vertizon/views/contents/index.ctp, line 8]
2010-05-15 16:16:34 Notice: Notice (8): Undefined offset: 0 in [/home/rudy/www/vertizon/views/contents/index.ctp, line 8]
2010-05-15 16:16:34 Notice: Notice (8): Undefined offset: 0 in [/home/rudy/www/vertizon/views/contents/index.ctp, line 8]
2010-05-15 16:16:36 Notice: Notice (8): Undefined offset: 0 in [/home/rudy/www/vertizon/views/contents/index.ctp, line 8]
2010-05-15 16:16:37 Notice: Notice (8): Undefined offset: 0 in [/home/rudy/www/vertizon/views/contents/index.ctp, line 8]
2010-05-15 16:16:37 Notice: Notice (8): Undefined offset: 0 in [/home/rudy/www/vertizon/views/contents/index.ctp, line 8]
2010-05-15 16:16:37 Notice: Notice (8): Undefined offset: 0 in [/home/rudy/www/vertizon/views/contents/index.ctp, line 8]
2010-05-15 16:16:39 Notice: Notice (8): Undefined offset: 0 in [/home/rudy/www/vertizon/views/contents/index.ctp, line 8]
2010-05-15 16:16:39 Notice: Notice (8): Undefined offset: 0 in [/home/rudy/www/vertizon/views/contents/index.ctp, line 8]
2010-05-15 16:16:39 Notice: Notice (8): Undefined offset: 0 in [/home/rudy/www/vertizon/views/contents/index.ctp, line 8]
2010-05-15 16:16:39 Notice: Notice (8): Undefined offset: 0 in [/home/rudy/www/vertizon/views/contents/index.ctp, line 8]
2010-05-15 16:16:40 Notice: Notice (8): Undefined offset: 0 in [/home/rudy/www/vertizon/views/contents/index.ctp, line 8]
2010-05-15 16:16:40 Notice: Notice (8): Undefined offset: 0 in [/home/rudy/www/vertizon/views/contents/index.ctp, line 8]
2010-05-15 16:16:40 Notice: Notice (8): Undefined offset: 0 in [/home/rudy/www/vertizon/views/contents/index.ctp, line 8]
2010-05-15 16:17:29 Notice: Notice (8): Undefined offset: 0 in [/home/rudy/www/vertizon/views/contents/index.ctp, line 8]
2010-05-15 16:17:29 Notice: Notice (8): Undefined offset: 0 in [/home/rudy/www/vertizon/views/contents/index.ctp, line 8]
2010-05-15 16:17:29 Notice: Notice (8): Undefined offset: 0 in [/home/rudy/www/vertizon/views/contents/index.ctp, line 8]
2010-05-15 16:17:29 Notice: Notice (8): Undefined offset: 0 in [/home/rudy/www/vertizon/views/contents/index.ctp, line 8]
2010-05-15 16:23:55 Notice: Notice (8): Undefined offset: 0 in [/home/rudy/www/vertizon/views/contents/index.ctp, line 8]
2010-05-15 16:23:55 Notice: Notice (8): Undefined offset: 0 in [/home/rudy/www/vertizon/views/contents/index.ctp, line 8]
2010-05-15 16:23:55 Notice: Notice (8): Undefined offset: 0 in [/home/rudy/www/vertizon/views/contents/index.ctp, line 8]
2010-05-15 16:23:56 Notice: Notice (8): Undefined offset: 0 in [/home/rudy/www/vertizon/views/contents/index.ctp, line 8]
2010-05-15 16:23:56 Notice: Notice (8): Undefined offset: 0 in [/home/rudy/www/vertizon/views/contents/index.ctp, line 8]
2010-05-15 16:23:56 Notice: Notice (8): Undefined offset: 0 in [/home/rudy/www/vertizon/views/contents/index.ctp, line 8]
2010-05-15 16:23:58 Notice: Notice (8): Undefined offset: 0 in [/home/rudy/www/vertizon/views/contents/index.ctp, line 8]
2010-05-15 16:23:58 Notice: Notice (8): Undefined offset: 0 in [/home/rudy/www/vertizon/views/contents/index.ctp, line 8]
2010-05-15 16:23:58 Notice: Notice (8): Undefined offset: 0 in [/home/rudy/www/vertizon/views/contents/index.ctp, line 8]
2010-05-15 16:55:38 Notice: Notice (8): Undefined offset: 0 in [/home/rudy/www/vertizon/views/contents/index.ctp, line 8]
2010-05-15 16:55:38 Notice: Notice (8): Undefined offset: 0 in [/home/rudy/www/vertizon/views/contents/index.ctp, line 8]
2010-05-15 16:55:38 Notice: Notice (8): Undefined offset: 0 in [/home/rudy/www/vertizon/views/contents/index.ctp, line 8]
2010-05-15 16:55:40 Notice: Notice (8): Undefined offset: 0 in [/home/rudy/www/vertizon/views/contents/index.ctp, line 8]
2010-05-15 16:55:40 Notice: Notice (8): Undefined offset: 0 in [/home/rudy/www/vertizon/views/contents/index.ctp, line 8]
2010-05-15 16:55:40 Notice: Notice (8): Undefined offset: 0 in [/home/rudy/www/vertizon/views/contents/index.ctp, line 8]
2010-05-15 16:55:41 Notice: Notice (8): Undefined offset: 0 in [/home/rudy/www/vertizon/views/contents/index.ctp, line 8]
2010-05-15 16:55:41 Notice: Notice (8): Undefined offset: 0 in [/home/rudy/www/vertizon/views/contents/index.ctp, line 8]
2010-05-15 16:55:41 Notice: Notice (8): Undefined offset: 0 in [/home/rudy/www/vertizon/views/contents/index.ctp, line 8]
2010-05-15 16:55:52 Notice: Notice (8): Undefined offset: 0 in [/home/rudy/www/vertizon/views/contents/index.ctp, line 8]
2010-05-15 16:55:52 Notice: Notice (8): Undefined offset: 0 in [/home/rudy/www/vertizon/views/contents/index.ctp, line 8]
2010-05-15 16:55:53 Notice: Notice (8): Undefined offset: 0 in [/home/rudy/www/vertizon/views/contents/index.ctp, line 8]
2010-05-15 16:55:53 Notice: Notice (8): Undefined offset: 0 in [/home/rudy/www/vertizon/views/contents/index.ctp, line 8]
2010-05-15 17:19:12 Notice: Notice (8): Undefined offset: 0 in [/home/rudy/www/vertizon/views/contents/index.ctp, line 8]
2010-05-15 17:19:12 Notice: Notice (8): Undefined offset: 0 in [/home/rudy/www/vertizon/views/contents/index.ctp, line 8]
2010-05-15 17:19:12 Notice: Notice (8): Undefined offset: 0 in [/home/rudy/www/vertizon/views/contents/index.ctp, line 8]
2010-05-15 17:20:29 Notice: Notice (8): Undefined property: Menus::$ParentMenu in [/home/rudy/www/vertizon/controllers/menuses_controller.php, line 29]
2010-05-15 17:22:02 Notice: Notice (8): Undefined property: Menus::$ParentMenu in [/home/rudy/www/vertizon/controllers/menuses_controller.php, line 29]
2010-05-15 17:37:20 Notice: Notice (8): Undefined property: Menus::$ParentMenu in [/home/rudy/www/vertizon/controllers/menuses_controller.php, line 49]
2010-05-15 18:10:20 Notice: Notice (8): Undefined offset: 0 in [/home/rudy/www/vertizon/views/contents/index.ctp, line 8]
2010-05-15 18:10:20 Notice: Notice (8): Undefined offset: 0 in [/home/rudy/www/vertizon/views/contents/index.ctp, line 8]
2010-05-15 18:10:20 Notice: Notice (8): Undefined offset: 0 in [/home/rudy/www/vertizon/views/contents/index.ctp, line 8]
2010-05-15 18:10:26 Notice: Notice (8): Undefined offset: 0 in [/home/rudy/www/vertizon/views/contents/index.ctp, line 8]
2010-05-15 18:10:26 Notice: Notice (8): Undefined offset: 0 in [/home/rudy/www/vertizon/views/contents/index.ctp, line 8]
2010-05-15 18:10:26 Notice: Notice (8): Undefined offset: 0 in [/home/rudy/www/vertizon/views/contents/index.ctp, line 8]
2010-05-15 18:10:37 Notice: Notice (8): Undefined offset: 0 in [/home/rudy/www/vertizon/views/contents/index.ctp, line 8]
2010-05-15 18:10:37 Notice: Notice (8): Undefined offset: 0 in [/home/rudy/www/vertizon/views/contents/index.ctp, line 8]
2010-05-15 18:10:37 Notice: Notice (8): Undefined offset: 0 in [/home/rudy/www/vertizon/views/contents/index.ctp, line 8]
2010-05-15 18:10:53 Notice: Notice (8): Undefined offset: 0 in [/home/rudy/www/vertizon/views/contents/index.ctp, line 8]
2010-05-15 18:10:53 Notice: Notice (8): Undefined offset: 0 in [/home/rudy/www/vertizon/views/contents/index.ctp, line 8]
2010-05-15 18:10:53 Notice: Notice (8): Undefined offset: 0 in [/home/rudy/www/vertizon/views/contents/index.ctp, line 8]
2010-05-15 18:10:57 Notice: Notice (8): Undefined offset: 0 in [/home/rudy/www/vertizon/views/contents/index.ctp, line 8]
2010-05-15 18:10:57 Notice: Notice (8): Undefined offset: 0 in [/home/rudy/www/vertizon/views/contents/index.ctp, line 8]
2010-05-15 18:10:57 Notice: Notice (8): Undefined offset: 0 in [/home/rudy/www/vertizon/views/contents/index.ctp, line 8]
2010-05-15 18:13:17 Notice: Notice (8): Undefined offset: 0 in [/home/rudy/www/vertizon/views/contents/index.ctp, line 8]
2010-05-15 18:13:17 Notice: Notice (8): Undefined offset: 0 in [/home/rudy/www/vertizon/views/contents/index.ctp, line 8]
2010-05-15 18:13:18 Notice: Notice (8): Undefined offset: 0 in [/home/rudy/www/vertizon/views/contents/index.ctp, line 8]
2010-05-15 18:13:36 Notice: Notice (8): Undefined offset: 0 in [/home/rudy/www/vertizon/views/contents/index.ctp, line 8]
2010-05-15 18:13:36 Notice: Notice (8): Undefined offset: 0 in [/home/rudy/www/vertizon/views/contents/index.ctp, line 8]
2010-05-15 18:13:36 Notice: Notice (8): Undefined offset: 0 in [/home/rudy/www/vertizon/views/contents/index.ctp, line 8]
2010-05-15 18:13:46 Notice: Notice (8): Undefined variable: menus in [/home/rudy/www/vertizon/views/elements/navigation.ctp, line 12]
2010-05-15 18:13:47 Notice: Notice (8): Undefined offset: 0 in [/home/rudy/www/vertizon/views/contents/index.ctp, line 8]
2010-05-15 18:13:47 Notice: Notice (8): Undefined variable: menus in [/home/rudy/www/vertizon/views/elements/navigation.ctp, line 12]
2010-05-15 18:13:47 Notice: Notice (8): Undefined offset: 0 in [/home/rudy/www/vertizon/views/contents/index.ctp, line 8]
2010-05-15 18:13:47 Notice: Notice (8): Undefined variable: menus in [/home/rudy/www/vertizon/views/elements/navigation.ctp, line 12]
2010-05-15 18:13:47 Notice: Notice (8): Undefined offset: 0 in [/home/rudy/www/vertizon/views/contents/index.ctp, line 8]
2010-05-15 18:13:47 Notice: Notice (8): Undefined variable: menus in [/home/rudy/www/vertizon/views/elements/navigation.ctp, line 12]
2010-05-15 18:13:52 Notice: Notice (8): Undefined offset: 0 in [/home/rudy/www/vertizon/views/contents/index.ctp, line 8]
2010-05-15 18:13:52 Notice: Notice (8): Undefined offset: 0 in [/home/rudy/www/vertizon/views/contents/index.ctp, line 8]
2010-05-15 18:13:52 Notice: Notice (8): Undefined offset: 0 in [/home/rudy/www/vertizon/views/contents/index.ctp, line 8]
2010-05-15 18:14:05 Notice: Notice (8): Undefined offset: 0 in [/home/rudy/www/vertizon/views/contents/index.ctp, line 8]
2010-05-15 18:14:05 Notice: Notice (8): Undefined offset: 0 in [/home/rudy/www/vertizon/views/contents/index.ctp, line 8]
2010-05-15 18:14:05 Notice: Notice (8): Undefined offset: 0 in [/home/rudy/www/vertizon/views/contents/index.ctp, line 8]
2010-05-15 18:14:15 Notice: Notice (8): Undefined index: Menus in [/home/rudy/www/vertizon/views/elements/navigation.ctp, line 19]
2010-05-15 18:14:16 Notice: Notice (8): Undefined offset: 0 in [/home/rudy/www/vertizon/views/contents/index.ctp, line 8]
2010-05-15 18:14:16 Notice: Notice (8): Undefined index: Menus in [/home/rudy/www/vertizon/views/elements/navigation.ctp, line 19]
2010-05-15 18:14:16 Notice: Notice (8): Undefined offset: 0 in [/home/rudy/www/vertizon/views/contents/index.ctp, line 8]
2010-05-15 18:14:16 Notice: Notice (8): Undefined index: Menus in [/home/rudy/www/vertizon/views/elements/navigation.ctp, line 19]
2010-05-15 18:14:16 Notice: Notice (8): Undefined offset: 0 in [/home/rudy/www/vertizon/views/contents/index.ctp, line 8]
2010-05-15 18:14:16 Notice: Notice (8): Undefined index: Menus in [/home/rudy/www/vertizon/views/elements/navigation.ctp, line 19]
2010-05-15 18:14:30 Notice: Notice (8): Undefined index: Menus in [/home/rudy/www/vertizon/views/elements/navigation.ctp, line 19]
2010-05-15 18:14:31 Notice: Notice (8): Undefined offset: 0 in [/home/rudy/www/vertizon/views/contents/index.ctp, line 8]
2010-05-15 18:14:31 Notice: Notice (8): Undefined index: Menus in [/home/rudy/www/vertizon/views/elements/navigation.ctp, line 19]
2010-05-15 18:14:31 Notice: Notice (8): Undefined offset: 0 in [/home/rudy/www/vertizon/views/contents/index.ctp, line 8]
2010-05-15 18:14:31 Notice: Notice (8): Undefined index: Menus in [/home/rudy/www/vertizon/views/elements/navigation.ctp, line 19]
2010-05-15 18:14:31 Notice: Notice (8): Undefined offset: 0 in [/home/rudy/www/vertizon/views/contents/index.ctp, line 8]
2010-05-15 18:14:31 Notice: Notice (8): Undefined index: Menus in [/home/rudy/www/vertizon/views/elements/navigation.ctp, line 19]
2010-05-15 18:16:47 Notice: Notice (8): Undefined index: Menus in [/home/rudy/www/vertizon/views/elements/navigation.ctp, line 20]
2010-05-15 18:16:47 Notice: Notice (8): Undefined offset: 0 in [/home/rudy/www/vertizon/views/contents/index.ctp, line 8]
2010-05-15 18:16:47 Notice: Notice (8): Undefined index: Menus in [/home/rudy/www/vertizon/views/elements/navigation.ctp, line 20]
2010-05-15 18:16:47 Notice: Notice (8): Undefined offset: 0 in [/home/rudy/www/vertizon/views/contents/index.ctp, line 8]
2010-05-15 18:16:47 Notice: Notice (8): Undefined index: Menus in [/home/rudy/www/vertizon/views/elements/navigation.ctp, line 20]
2010-05-15 18:16:47 Notice: Notice (8): Undefined offset: 0 in [/home/rudy/www/vertizon/views/contents/index.ctp, line 8]
2010-05-15 18:16:47 Notice: Notice (8): Undefined index: Menus in [/home/rudy/www/vertizon/views/elements/navigation.ctp, line 20]
2010-05-15 18:20:37 Notice: Notice (8): Undefined index: Menus in [/home/rudy/www/vertizon/views/elements/navigation.ctp, line 20]
2010-05-15 18:20:37 Notice: Notice (8): Undefined offset: 0 in [/home/rudy/www/vertizon/views/contents/index.ctp, line 8]
2010-05-15 18:20:37 Notice: Notice (8): Undefined index: Menus in [/home/rudy/www/vertizon/views/elements/navigation.ctp, line 20]
2010-05-15 18:20:38 Notice: Notice (8): Undefined offset: 0 in [/home/rudy/www/vertizon/views/contents/index.ctp, line 8]
2010-05-15 18:20:38 Notice: Notice (8): Undefined index: Menus in [/home/rudy/www/vertizon/views/elements/navigation.ctp, line 20]
2010-05-15 18:20:38 Notice: Notice (8): Undefined offset: 0 in [/home/rudy/www/vertizon/views/contents/index.ctp, line 8]
2010-05-15 18:20:38 Notice: Notice (8): Undefined index: Menus in [/home/rudy/www/vertizon/views/elements/navigation.ctp, line 20]
2010-05-15 18:26:38 Notice: Notice (8): Undefined index: Menus in [/home/rudy/www/vertizon/views/elements/navigation.ctp, line 21]
2010-05-15 18:26:39 Notice: Notice (8): Undefined offset: 0 in [/home/rudy/www/vertizon/views/contents/index.ctp, line 8]
2010-05-15 18:26:39 Notice: Notice (8): Undefined index: Menus in [/home/rudy/www/vertizon/views/elements/navigation.ctp, line 21]
2010-05-15 18:26:39 Notice: Notice (8): Undefined offset: 0 in [/home/rudy/www/vertizon/views/contents/index.ctp, line 8]
2010-05-15 18:26:39 Notice: Notice (8): Undefined index: Menus in [/home/rudy/www/vertizon/views/elements/navigation.ctp, line 21]
2010-05-15 18:26:39 Notice: Notice (8): Undefined offset: 0 in [/home/rudy/www/vertizon/views/contents/index.ctp, line 8]
2010-05-15 18:26:39 Notice: Notice (8): Undefined index: Menus in [/home/rudy/www/vertizon/views/elements/navigation.ctp, line 21]
2010-05-15 18:26:59 Notice: Notice (8): Undefined index: Menus in [/home/rudy/www/vertizon/views/elements/navigation.ctp, line 21]
2010-05-15 18:27:00 Notice: Notice (8): Undefined offset: 0 in [/home/rudy/www/vertizon/views/contents/index.ctp, line 8]
2010-05-15 18:27:00 Notice: Notice (8): Undefined index: Menus in [/home/rudy/www/vertizon/views/elements/navigation.ctp, line 21]
2010-05-15 18:27:00 Notice: Notice (8): Undefined offset: 0 in [/home/rudy/www/vertizon/views/contents/index.ctp, line 8]
2010-05-15 18:27:00 Notice: Notice (8): Undefined index: Menus in [/home/rudy/www/vertizon/views/elements/navigation.ctp, line 21]
2010-05-15 18:27:00 Notice: Notice (8): Undefined offset: 0 in [/home/rudy/www/vertizon/views/contents/index.ctp, line 8]
2010-05-15 18:27:00 Notice: Notice (8): Undefined index: Menus in [/home/rudy/www/vertizon/views/elements/navigation.ctp, line 21]
2010-05-15 18:27:16 Notice: Notice (8): Undefined index: Menus in [/home/rudy/www/vertizon/views/elements/navigation.ctp, line 21]
2010-05-15 18:27:16 Notice: Notice (8): Undefined offset: 0 in [/home/rudy/www/vertizon/views/contents/index.ctp, line 8]
2010-05-15 18:27:16 Notice: Notice (8): Undefined index: Menus in [/home/rudy/www/vertizon/views/elements/navigation.ctp, line 21]
2010-05-15 18:27:16 Notice: Notice (8): Undefined offset: 0 in [/home/rudy/www/vertizon/views/contents/index.ctp, line 8]
2010-05-15 18:27:16 Notice: Notice (8): Undefined index: Menus in [/home/rudy/www/vertizon/views/elements/navigation.ctp, line 21]
2010-05-15 18:27:16 Notice: Notice (8): Undefined offset: 0 in [/home/rudy/www/vertizon/views/contents/index.ctp, line 8]
2010-05-15 18:27:16 Notice: Notice (8): Undefined index: Menus in [/home/rudy/www/vertizon/views/elements/navigation.ctp, line 21]
2010-05-15 18:28:06 Notice: Notice (8): Undefined index: Menus in [/home/rudy/www/vertizon/views/elements/navigation.ctp, line 20]
2010-05-15 18:28:06 Notice: Notice (8): Undefined offset: 0 in [/home/rudy/www/vertizon/views/contents/index.ctp, line 8]
2010-05-15 18:28:06 Notice: Notice (8): Undefined index: Menus in [/home/rudy/www/vertizon/views/elements/navigation.ctp, line 20]
2010-05-15 18:28:07 Notice: Notice (8): Undefined offset: 0 in [/home/rudy/www/vertizon/views/contents/index.ctp, line 8]
2010-05-15 18:28:07 Notice: Notice (8): Undefined index: Menus in [/home/rudy/www/vertizon/views/elements/navigation.ctp, line 20]
2010-05-15 18:28:07 Notice: Notice (8): Undefined offset: 0 in [/home/rudy/www/vertizon/views/contents/index.ctp, line 8]
2010-05-15 18:28:07 Notice: Notice (8): Undefined index: Menus in [/home/rudy/www/vertizon/views/elements/navigation.ctp, line 20]
2010-05-15 18:29:30 Notice: Notice (8): Undefined index: ChildMenus in [/home/rudy/www/vertizon/views/elements/navigation.ctp, line 20]
2010-05-15 18:29:31 Notice: Notice (8): Undefined offset: 0 in [/home/rudy/www/vertizon/views/contents/index.ctp, line 8]
2010-05-15 18:29:31 Notice: Notice (8): Undefined index: ChildMenus in [/home/rudy/www/vertizon/views/elements/navigation.ctp, line 20]
2010-05-15 18:29:31 Notice: Notice (8): Undefined offset: 0 in [/home/rudy/www/vertizon/views/contents/index.ctp, line 8]
2010-05-15 18:29:31 Notice: Notice (8): Undefined index: ChildMenus in [/home/rudy/www/vertizon/views/elements/navigation.ctp, line 20]
2010-05-15 18:29:31 Notice: Notice (8): Undefined offset: 0 in [/home/rudy/www/vertizon/views/contents/index.ctp, line 8]
2010-05-15 18:29:31 Notice: Notice (8): Undefined index: ChildMenus in [/home/rudy/www/vertizon/views/elements/navigation.ctp, line 20]
2010-05-15 18:29:40 Notice: Notice (8): Undefined index: ChildMenus in [/home/rudy/www/vertizon/views/elements/navigation.ctp, line 20]
2010-05-15 18:29:40 Notice: Notice (8): Undefined offset: 0 in [/home/rudy/www/vertizon/views/contents/index.ctp, line 8]
2010-05-15 18:29:40 Notice: Notice (8): Undefined index: ChildMenus in [/home/rudy/www/vertizon/views/elements/navigation.ctp, line 20]
2010-05-15 18:29:41 Notice: Notice (8): Undefined offset: 0 in [/home/rudy/www/vertizon/views/contents/index.ctp, line 8]
2010-05-15 18:29:41 Notice: Notice (8): Undefined index: ChildMenus in [/home/rudy/www/vertizon/views/elements/navigation.ctp, line 20]
2010-05-15 18:29:41 Notice: Notice (8): Undefined offset: 0 in [/home/rudy/www/vertizon/views/contents/index.ctp, line 8]
2010-05-15 18:29:41 Notice: Notice (8): Undefined index: ChildMenus in [/home/rudy/www/vertizon/views/elements/navigation.ctp, line 20]
2010-05-15 18:30:01 Notice: Notice (8): Undefined offset: 0 in [/home/rudy/www/vertizon/views/contents/index.ctp, line 8]
2010-05-15 18:30:02 Notice: Notice (8): Undefined offset: 0 in [/home/rudy/www/vertizon/views/contents/index.ctp, line 8]
2010-05-15 18:30:02 Notice: Notice (8): Undefined offset: 0 in [/home/rudy/www/vertizon/views/contents/index.ctp, line 8]
2010-05-15 18:33:53 Notice: Notice (8): Undefined offset: 0 in [/home/rudy/www/vertizon/views/contents/index.ctp, line 8]
2010-05-15 18:33:53 Notice: Notice (8): Undefined offset: 0 in [/home/rudy/www/vertizon/views/contents/index.ctp, line 8]
2010-05-15 18:33:53 Notice: Notice (8): Undefined offset: 0 in [/home/rudy/www/vertizon/views/contents/index.ctp, line 8]
2010-05-15 20:30:31 Notice: Notice (8): Undefined offset: 0 in [/home/rudy/www/vertizon/views/contents/index.ctp, line 8]
2010-05-15 20:30:31 Notice: Notice (8): Undefined offset: 0 in [/home/rudy/www/vertizon/views/contents/index.ctp, line 8]
2010-05-15 20:30:31 Notice: Notice (8): Undefined offset: 0 in [/home/rudy/www/vertizon/views/contents/index.ctp, line 8]
2010-05-15 20:30:39 Notice: Notice (8): Undefined offset: 0 in [/home/rudy/www/vertizon/views/contents/index.ctp, line 8]
2010-05-15 20:30:39 Notice: Notice (8): Undefined offset: 0 in [/home/rudy/www/vertizon/views/contents/index.ctp, line 8]
2010-05-15 20:30:40 Notice: Notice (8): Undefined offset: 0 in [/home/rudy/www/vertizon/views/contents/index.ctp, line 8]
2010-05-15 20:41:07 Notice: Notice (8): Undefined offset: 0 in [/home/rudy/www/vertizon/views/contents/index.ctp, line 8]
2010-05-15 20:41:07 Notice: Notice (8): Undefined offset: 0 in [/home/rudy/www/vertizon/views/contents/index.ctp, line 8]
2010-05-15 20:41:07 Notice: Notice (8): Undefined offset: 0 in [/home/rudy/www/vertizon/views/contents/index.ctp, line 8]
2010-05-15 20:49:25 Notice: Notice (8): Undefined offset: 0 in [/home/rudy/www/vertizon/views/contents/index.ctp, line 8]
2010-05-15 20:49:25 Notice: Notice (8): Undefined offset: 0 in [/home/rudy/www/vertizon/views/contents/index.ctp, line 8]
2010-05-15 20:49:25 Notice: Notice (8): Undefined offset: 0 in [/home/rudy/www/vertizon/views/contents/index.ctp, line 8]
2010-05-15 20:49:40 Notice: Notice (8): Undefined offset: 0 in [/home/rudy/www/vertizon/views/contents/index.ctp, line 8]
2010-05-15 20:49:40 Notice: Notice (8): Undefined offset: 0 in [/home/rudy/www/vertizon/views/contents/index.ctp, line 8]
2010-05-15 20:49:40 Notice: Notice (8): Undefined offset: 0 in [/home/rudy/www/vertizon/views/contents/index.ctp, line 8]
2010-05-15 20:49:50 Notice: Notice (8): Undefined offset: 0 in [/home/rudy/www/vertizon/views/contents/index.ctp, line 8]
2010-05-15 20:49:50 Notice: Notice (8): Undefined offset: 0 in [/home/rudy/www/vertizon/views/contents/index.ctp, line 8]
2010-05-15 20:49:50 Notice: Notice (8): Undefined offset: 0 in [/home/rudy/www/vertizon/views/contents/index.ctp, line 8]
2010-05-15 20:49:53 Notice: Notice (8): Undefined offset: 0 in [/home/rudy/www/vertizon/views/contents/index.ctp, line 8]
2010-05-15 20:49:53 Notice: Notice (8): Undefined offset: 0 in [/home/rudy/www/vertizon/views/contents/index.ctp, line 8]
2010-05-15 20:49:53 Notice: Notice (8): Undefined offset: 0 in [/home/rudy/www/vertizon/views/contents/index.ctp, line 8]
2010-05-15 20:50:39 Notice: Notice (8): Undefined offset: 0 in [/home/rudy/www/vertizon/views/contents/index.ctp, line 8]
2010-05-15 20:50:39 Notice: Notice (8): Undefined offset: 0 in [/home/rudy/www/vertizon/views/contents/index.ctp, line 8]
2010-05-15 20:50:40 Notice: Notice (8): Undefined offset: 0 in [/home/rudy/www/vertizon/views/contents/index.ctp, line 8]
2010-05-15 20:51:12 Notice: Notice (8): Undefined offset: 0 in [/home/rudy/www/vertizon/views/contents/index.ctp, line 8]
2010-05-15 20:51:12 Notice: Notice (8): Undefined offset: 0 in [/home/rudy/www/vertizon/views/contents/index.ctp, line 8]
2010-05-15 20:51:12 Notice: Notice (8): Undefined offset: 0 in [/home/rudy/www/vertizon/views/contents/index.ctp, line 8]
2010-05-15 20:51:14 Notice: Notice (8): Undefined variable: menuses in [/home/rudy/www/vertizon/views/elements/navigation.ctp, line 14]
2010-05-15 20:51:14 Notice: Notice (8): Undefined variable: menuses in [/home/rudy/www/vertizon/views/elements/navigation.ctp, line 14]
2010-05-15 20:51:14 Notice: Notice (8): Undefined variable: menuses in [/home/rudy/www/vertizon/views/elements/navigation.ctp, line 14]
2010-05-15 20:51:14 Notice: Notice (8): Undefined variable: menuses in [/home/rudy/www/vertizon/views/elements/navigation.ctp, line 14]
2010-05-15 20:51:14 Notice: Notice (8): Undefined variable: menuses in [/home/rudy/www/vertizon/views/elements/navigation.ctp, line 14]
2010-05-15 20:51:14 Notice: Notice (8): Undefined variable: menuses in [/home/rudy/www/vertizon/views/elements/navigation.ctp, line 14]
2010-05-15 20:51:14 Notice: Notice (8): Undefined variable: menuses in [/home/rudy/www/vertizon/views/elements/navigation.ctp, line 14]
2010-05-15 20:51:14 Notice: Notice (8): Undefined variable: menuses in [/home/rudy/www/vertizon/views/elements/navigation.ctp, line 14]
2010-05-15 20:51:14 Notice: Notice (8): Undefined variable: menuses in [/home/rudy/www/vertizon/views/elements/navigation.ctp, line 14]
2010-05-15 20:51:14 Notice: Notice (8): Undefined variable: menuses in [/home/rudy/www/vertizon/views/elements/navigation.ctp, line 14]
2010-05-15 20:51:16 Notice: Notice (8): Undefined variable: menuses in [/home/rudy/www/vertizon/views/elements/navigation.ctp, line 14]
2010-05-15 20:51:16 Notice: Notice (8): Undefined variable: menuses in [/home/rudy/www/vertizon/views/elements/navigation.ctp, line 14]
2010-05-15 20:51:16 Notice: Notice (8): Undefined variable: menuses in [/home/rudy/www/vertizon/views/elements/navigation.ctp, line 14]
2010-05-15 20:51:16 Notice: Notice (8): Undefined variable: menuses in [/home/rudy/www/vertizon/views/elements/navigation.ctp, line 14]
2010-05-15 20:51:16 Notice: Notice (8): Undefined variable: menuses in [/home/rudy/www/vertizon/views/elements/navigation.ctp, line 14]
2010-05-15 20:51:16 Notice: Notice (8): Undefined variable: menuses in [/home/rudy/www/vertizon/views/elements/navigation.ctp, line 14]
2010-05-15 20:51:16 Notice: Notice (8): Undefined variable: menuses in [/home/rudy/www/vertizon/views/elements/navigation.ctp, line 14]
2010-05-15 20:51:16 Notice: Notice (8): Undefined variable: menuses in [/home/rudy/www/vertizon/views/elements/navigation.ctp, line 14]
2010-05-15 20:51:16 Notice: Notice (8): Undefined variable: menuses in [/home/rudy/www/vertizon/views/elements/navigation.ctp, line 14]
2010-05-15 20:51:16 Notice: Notice (8): Undefined variable: menuses in [/home/rudy/www/vertizon/views/elements/navigation.ctp, line 14]
2010-05-15 20:51:18 Notice: Notice (8): Undefined variable: menuses in [/home/rudy/www/vertizon/views/elements/navigation.ctp, line 14]
2010-05-15 20:51:18 Notice: Notice (8): Undefined variable: menuses in [/home/rudy/www/vertizon/views/elements/navigation.ctp, line 14]
2010-05-15 20:51:18 Notice: Notice (8): Undefined variable: menuses in [/home/rudy/www/vertizon/views/elements/navigation.ctp, line 14]
2010-05-15 20:51:18 Notice: Notice (8): Undefined variable: menuses in [/home/rudy/www/vertizon/views/elements/navigation.ctp, line 14]
2010-05-15 20:51:18 Notice: Notice (8): Undefined variable: menuses in [/home/rudy/www/vertizon/views/elements/navigation.ctp, line 14]
2010-05-15 20:51:18 Notice: Notice (8): Undefined variable: menuses in [/home/rudy/www/vertizon/views/elements/navigation.ctp, line 14]
2010-05-15 20:51:18 Notice: Notice (8): Undefined variable: menuses in [/home/rudy/www/vertizon/views/elements/navigation.ctp, line 14]
2010-05-15 20:51:18 Notice: Notice (8): Undefined variable: menuses in [/home/rudy/www/vertizon/views/elements/navigation.ctp, line 14]
2010-05-15 20:51:18 Notice: Notice (8): Undefined variable: menuses in [/home/rudy/www/vertizon/views/elements/navigation.ctp, line 14]
2010-05-15 20:51:18 Notice: Notice (8): Undefined variable: menuses in [/home/rudy/www/vertizon/views/elements/navigation.ctp, line 14]
2010-05-15 20:51:24 Notice: Notice (8): Undefined variable: menuses in [/home/rudy/www/vertizon/views/elements/navigation.ctp, line 14]
2010-05-15 20:51:24 Notice: Notice (8): Undefined variable: menuses in [/home/rudy/www/vertizon/views/elements/navigation.ctp, line 14]
2010-05-15 20:51:24 Notice: Notice (8): Undefined variable: menuses in [/home/rudy/www/vertizon/views/elements/navigation.ctp, line 14]
2010-05-15 20:51:25 Notice: Notice (8): Undefined variable: menuses in [/home/rudy/www/vertizon/views/elements/navigation.ctp, line 14]
2010-05-15 20:51:25 Notice: Notice (8): Undefined variable: menuses in [/home/rudy/www/vertizon/views/elements/navigation.ctp, line 14]
2010-05-15 20:51:25 Notice: Notice (8): Undefined variable: menuses in [/home/rudy/www/vertizon/views/elements/navigation.ctp, line 14]
2010-05-15 20:51:25 Notice: Notice (8): Undefined variable: menuses in [/home/rudy/www/vertizon/views/elements/navigation.ctp, line 14]
2010-05-15 20:51:25 Notice: Notice (8): Undefined variable: menuses in [/home/rudy/www/vertizon/views/elements/navigation.ctp, line 14]
2010-05-15 20:51:25 Notice: Notice (8): Undefined variable: menuses in [/home/rudy/www/vertizon/views/elements/navigation.ctp, line 14]
2010-05-15 20:51:25 Notice: Notice (8): Undefined variable: menuses in [/home/rudy/www/vertizon/views/elements/navigation.ctp, line 14]
2010-05-15 20:51:30 Notice: Notice (8): Undefined offset: 0 in [/home/rudy/www/vertizon/views/contents/index.ctp, line 8]
2010-05-15 20:51:30 Notice: Notice (8): Undefined offset: 0 in [/home/rudy/www/vertizon/views/contents/index.ctp, line 8]
2010-05-15 20:51:30 Notice: Notice (8): Undefined offset: 0 in [/home/rudy/www/vertizon/views/contents/index.ctp, line 8]
2010-05-15 20:51:33 Notice: Notice (8): Undefined offset: 0 in [/home/rudy/www/vertizon/views/contents/index.ctp, line 8]
2010-05-15 20:51:34 Notice: Notice (8): Undefined offset: 0 in [/home/rudy/www/vertizon/views/contents/index.ctp, line 8]
2010-05-15 20:51:34 Notice: Notice (8): Undefined offset: 0 in [/home/rudy/www/vertizon/views/contents/index.ctp, line 8]
2010-05-15 20:51:34 Notice: Notice (8): Undefined offset: 0 in [/home/rudy/www/vertizon/views/contents/index.ctp, line 8]
2010-05-15 20:51:36 Notice: Notice (8): Undefined variable: menuses in [/home/rudy/www/vertizon/views/elements/navigation.ctp, line 14]
2010-05-15 20:51:36 Notice: Notice (8): Undefined variable: menuses in [/home/rudy/www/vertizon/views/elements/navigation.ctp, line 14]
2010-05-15 20:51:37 Notice: Notice (8): Undefined variable: menuses in [/home/rudy/www/vertizon/views/elements/navigation.ctp, line 14]
2010-05-15 20:51:37 Notice: Notice (8): Undefined variable: menuses in [/home/rudy/www/vertizon/views/elements/navigation.ctp, line 14]
2010-05-15 20:51:37 Notice: Notice (8): Undefined variable: menuses in [/home/rudy/www/vertizon/views/elements/navigation.ctp, line 14]
2010-05-15 20:51:37 Notice: Notice (8): Undefined variable: menuses in [/home/rudy/www/vertizon/views/elements/navigation.ctp, line 14]
2010-05-15 20:51:37 Notice: Notice (8): Undefined variable: menuses in [/home/rudy/www/vertizon/views/elements/navigation.ctp, line 14]
2010-05-15 20:51:37 Notice: Notice (8): Undefined variable: menuses in [/home/rudy/www/vertizon/views/elements/navigation.ctp, line 14]
2010-05-15 20:51:37 Notice: Notice (8): Undefined variable: menuses in [/home/rudy/www/vertizon/views/elements/navigation.ctp, line 14]
2010-05-15 20:51:37 Notice: Notice (8): Undefined variable: menuses in [/home/rudy/www/vertizon/views/elements/navigation.ctp, line 14]
2010-05-15 20:52:20 Notice: Notice (8): Undefined variable: menuses in [/home/rudy/www/vertizon/views/elements/navigation.ctp, line 14]
2010-05-15 20:52:21 Notice: Notice (8): Undefined variable: menuses in [/home/rudy/www/vertizon/views/elements/navigation.ctp, line 14]
2010-05-15 20:52:21 Notice: Notice (8): Undefined variable: menuses in [/home/rudy/www/vertizon/views/elements/navigation.ctp, line 14]
2010-05-15 20:52:21 Notice: Notice (8): Undefined variable: menuses in [/home/rudy/www/vertizon/views/elements/navigation.ctp, line 14]
2010-05-15 20:52:21 Notice: Notice (8): Undefined variable: menuses in [/home/rudy/www/vertizon/views/elements/navigation.ctp, line 14]
2010-05-15 20:52:21 Notice: Notice (8): Undefined variable: menuses in [/home/rudy/www/vertizon/views/elements/navigation.ctp, line 14]
2010-05-15 20:52:21 Notice: Notice (8): Undefined variable: menuses in [/home/rudy/www/vertizon/views/elements/navigation.ctp, line 14]
2010-05-15 20:52:21 Notice: Notice (8): Undefined variable: menuses in [/home/rudy/www/vertizon/views/elements/navigation.ctp, line 14]
2010-05-15 20:52:21 Notice: Notice (8): Undefined variable: menuses in [/home/rudy/www/vertizon/views/elements/navigation.ctp, line 14]
2010-05-15 20:52:21 Notice: Notice (8): Undefined variable: menuses in [/home/rudy/www/vertizon/views/elements/navigation.ctp, line 14]
2010-05-15 20:53:42 Notice: Notice (8): Undefined variable: menuses in [/home/rudy/www/vertizon/views/elements/navigation.ctp, line 14]
2010-05-15 20:53:42 Notice: Notice (8): Undefined variable: menuses in [/home/rudy/www/vertizon/views/elements/navigation.ctp, line 14]
2010-05-15 20:53:42 Notice: Notice (8): Undefined variable: menuses in [/home/rudy/www/vertizon/views/elements/navigation.ctp, line 14]
2010-05-15 20:53:43 Notice: Notice (8): Undefined variable: menuses in [/home/rudy/www/vertizon/views/elements/navigation.ctp, line 14]
2010-05-15 20:53:43 Notice: Notice (8): Undefined variable: menuses in [/home/rudy/www/vertizon/views/elements/navigation.ctp, line 14]
2010-05-15 20:53:43 Notice: Notice (8): Undefined variable: menuses in [/home/rudy/www/vertizon/views/elements/navigation.ctp, line 14]
2010-05-15 20:53:43 Notice: Notice (8): Undefined variable: menuses in [/home/rudy/www/vertizon/views/elements/navigation.ctp, line 14]
2010-05-15 20:53:43 Notice: Notice (8): Undefined variable: menuses in [/home/rudy/www/vertizon/views/elements/navigation.ctp, line 14]
2010-05-15 20:53:43 Notice: Notice (8): Undefined variable: menuses in [/home/rudy/www/vertizon/views/elements/navigation.ctp, line 14]
2010-05-15 20:53:43 Notice: Notice (8): Undefined variable: menuses in [/home/rudy/www/vertizon/views/elements/navigation.ctp, line 14]
2010-05-15 20:57:38 Notice: Notice (8): Undefined variable: menuses in [/home/rudy/www/vertizon/views/elements/navigation.ctp, line 14]
2010-05-15 20:57:38 Notice: Notice (8): Undefined variable: menuses in [/home/rudy/www/vertizon/views/elements/navigation.ctp, line 14]
2010-05-15 20:57:38 Notice: Notice (8): Undefined variable: menuses in [/home/rudy/www/vertizon/views/elements/navigation.ctp, line 14]
2010-05-15 20:57:38 Notice: Notice (8): Undefined variable: menuses in [/home/rudy/www/vertizon/views/elements/navigation.ctp, line 14]
2010-05-15 20:57:38 Notice: Notice (8): Undefined variable: menuses in [/home/rudy/www/vertizon/views/elements/navigation.ctp, line 14]
2010-05-15 20:57:38 Notice: Notice (8): Undefined variable: menuses in [/home/rudy/www/vertizon/views/elements/navigation.ctp, line 14]
2010-05-15 20:57:38 Notice: Notice (8): Undefined variable: menuses in [/home/rudy/www/vertizon/views/elements/navigation.ctp, line 14]
2010-05-15 20:57:38 Notice: Notice (8): Undefined variable: menuses in [/home/rudy/www/vertizon/views/elements/navigation.ctp, line 14]
2010-05-15 20:57:38 Notice: Notice (8): Undefined variable: menuses in [/home/rudy/www/vertizon/views/elements/navigation.ctp, line 14]
2010-05-15 20:57:38 Notice: Notice (8): Undefined variable: menuses in [/home/rudy/www/vertizon/views/elements/navigation.ctp, line 14]
2010-05-15 20:57:40 Notice: Notice (8): Undefined offset: 0 in [/home/rudy/www/vertizon/views/contents/index.ctp, line 8]
2010-05-15 20:57:40 Notice: Notice (8): Undefined offset: 0 in [/home/rudy/www/vertizon/views/contents/index.ctp, line 8]
2010-05-15 20:57:40 Notice: Notice (8): Undefined offset: 0 in [/home/rudy/www/vertizon/views/contents/index.ctp, line 8]
2010-05-15 20:57:42 Notice: Notice (8): Undefined offset: 0 in [/home/rudy/www/vertizon/views/contents/index.ctp, line 8]
2010-05-15 20:57:42 Notice: Notice (8): Undefined offset: 0 in [/home/rudy/www/vertizon/views/contents/index.ctp, line 8]
2010-05-15 20:57:42 Notice: Notice (8): Undefined offset: 0 in [/home/rudy/www/vertizon/views/contents/index.ctp, line 8]
2010-05-16 00:32:16 Notice: Notice (8): Undefined variable: menuses in [/home/rudy/www/vertizon/views/elements/navigation.ctp, line 14]
2010-05-16 00:32:48 Notice: Notice (8): Undefined variable: menuses in [/home/rudy/www/vertizon/views/elements/navigation.ctp, line 14]
2010-05-16 00:32:51 Notice: Notice (8): Undefined variable: menuses in [/home/rudy/www/vertizon/views/elements/navigation.ctp, line 14]
2010-05-16 00:37:24 Notice: Notice (8): Undefined variable: menuses in [/home/rudy/www/vertizon/views/elements/navigation.ctp, line 14]
2010-05-16 00:37:39 Notice: Notice (8): Undefined offset: 0 in [/home/rudy/www/vertizon/views/contents/index.ctp, line 8]
2010-05-16 00:37:39 Notice: Notice (8): Undefined offset: 0 in [/home/rudy/www/vertizon/views/contents/index.ctp, line 8]
2010-05-16 00:37:39 Notice: Notice (8): Undefined offset: 0 in [/home/rudy/www/vertizon/views/contents/index.ctp, line 8]
2010-05-16 01:00:34 Notice: Notice (8): Undefined variable: menus in [/home/rudy/www/vertizon/views/menuses/view.ctp, line 12]
2010-05-16 01:00:34 Notice: Notice (8): Undefined variable: menus in [/home/rudy/www/vertizon/views/menuses/view.ctp, line 12]
2010-05-16 01:00:34 Notice: Notice (8): Undefined variable: menus in [/home/rudy/www/vertizon/views/menuses/view.ctp, line 12]
2010-05-16 01:00:34 Notice: Notice (8): Undefined variable: menus in [/home/rudy/www/vertizon/views/menuses/view.ctp, line 12]
2010-05-16 01:48:19 Notice: Notice (8): Undefined variable: menuses in [/home/rudy/www/vertizon/views/elements/navigation.ctp, line 14]
2010-05-16 01:48:19 Notice: Notice (8): Undefined variable: menuses in [/home/rudy/www/vertizon/views/elements/navigation.ctp, line 14]
2010-05-16 01:48:19 Notice: Notice (8): Undefined variable: menuses in [/home/rudy/www/vertizon/views/elements/navigation.ctp, line 14]
2010-05-16 01:48:19 Notice: Notice (8): Undefined variable: menuses in [/home/rudy/www/vertizon/views/elements/navigation.ctp, line 14]
2010-05-16 01:48:19 Notice: Notice (8): Undefined variable: menuses in [/home/rudy/www/vertizon/views/elements/navigation.ctp, line 14]
2010-05-16 01:52:52 Notice: Notice (8): Undefined offset: 0 in [/home/rudy/www/vertizon/views/contents/index.ctp, line 8]
2010-05-16 01:52:52 Notice: Notice (8): Undefined offset: 0 in [/home/rudy/www/vertizon/views/contents/index.ctp, line 8]
2010-05-16 01:52:52 Notice: Notice (8): Undefined offset: 0 in [/home/rudy/www/vertizon/views/contents/index.ctp, line 8]
2010-05-16 01:57:34 Notice: Notice (8): Undefined offset: 0 in [/home/rudy/www/vertizon/views/contents/index.ctp, line 8]
2010-05-16 01:57:34 Notice: Notice (8): Undefined offset: 0 in [/home/rudy/www/vertizon/views/contents/index.ctp, line 8]
2010-05-16 01:57:34 Notice: Notice (8): Undefined offset: 0 in [/home/rudy/www/vertizon/views/contents/index.ctp, line 8]
2010-05-16 01:58:19 Notice: Notice (8): Undefined offset: 0 in [/home/rudy/www/vertizon/views/contents/index.ctp, line 8]
2010-05-16 01:58:19 Notice: Notice (8): Undefined offset: 0 in [/home/rudy/www/vertizon/views/contents/index.ctp, line 8]
2010-05-16 01:58:19 Notice: Notice (8): Undefined offset: 0 in [/home/rudy/www/vertizon/views/contents/index.ctp, line 8]
2010-05-16 01:58:33 Notice: Notice (8): Undefined offset: 0 in [/home/rudy/www/vertizon/views/contents/index.ctp, line 8]
2010-05-16 01:58:33 Notice: Notice (8): Undefined offset: 0 in [/home/rudy/www/vertizon/views/contents/index.ctp, line 8]
2010-05-16 01:58:33 Notice: Notice (8): Undefined offset: 0 in [/home/rudy/www/vertizon/views/contents/index.ctp, line 8]
2010-05-16 01:58:35 Notice: Notice (8): Undefined variable: menuses in [/home/rudy/www/vertizon/views/elements/navigation.ctp, line 14]
2010-05-16 01:58:35 Notice: Notice (8): Undefined variable: menuses in [/home/rudy/www/vertizon/views/elements/navigation.ctp, line 14]
2010-05-16 01:58:35 Notice: Notice (8): Undefined variable: menuses in [/home/rudy/www/vertizon/views/elements/navigation.ctp, line 14]
2010-05-16 01:58:35 Notice: Notice (8): Undefined variable: menuses in [/home/rudy/www/vertizon/views/elements/navigation.ctp, line 14]
2010-05-16 01:58:35 Notice: Notice (8): Undefined variable: menuses in [/home/rudy/www/vertizon/views/elements/navigation.ctp, line 14]
2010-05-16 11:28:22 Notice: Notice (8): Undefined variable: menuses in [/home/rudy/www/vertizon/views/elements/navigation.ctp, line 14]
2010-05-16 11:28:22 Notice: Notice (8): Undefined variable: menuses in [/home/rudy/www/vertizon/views/elements/navigation.ctp, line 14]
2010-05-16 11:28:22 Notice: Notice (8): Undefined variable: menuses in [/home/rudy/www/vertizon/views/elements/navigation.ctp, line 14]
2010-05-16 11:28:23 Notice: Notice (8): Undefined variable: menuses in [/home/rudy/www/vertizon/views/elements/navigation.ctp, line 14]
2010-05-16 11:28:23 Notice: Notice (8): Undefined variable: menuses in [/home/rudy/www/vertizon/views/elements/navigation.ctp, line 14]
2010-05-16 11:28:23 Notice: Notice (8): Undefined variable: menuses in [/home/rudy/www/vertizon/views/elements/navigation.ctp, line 14]
2010-05-16 11:28:23 Notice: Notice (8): Undefined variable: menuses in [/home/rudy/www/vertizon/views/elements/navigation.ctp, line 14]
2010-05-16 11:28:23 Notice: Notice (8): Undefined variable: menuses in [/home/rudy/www/vertizon/views/elements/navigation.ctp, line 14]
2010-05-16 11:28:23 Notice: Notice (8): Undefined variable: menuses in [/home/rudy/www/vertizon/views/elements/navigation.ctp, line 14]
2010-05-16 11:28:23 Notice: Notice (8): Undefined variable: menuses in [/home/rudy/www/vertizon/views/elements/navigation.ctp, line 14]
2010-05-16 11:51:33 Notice: Notice (8): Undefined variable: menuses in [/home/rudy/www/vertizon/views/elements/navigation.ctp, line 14]
2010-05-16 11:51:33 Notice: Notice (8): Undefined variable: menuses in [/home/rudy/www/vertizon/views/elements/navigation.ctp, line 14]
2010-05-16 11:51:33 Notice: Notice (8): Undefined variable: menuses in [/home/rudy/www/vertizon/views/elements/navigation.ctp, line 14]
2010-05-16 11:51:33 Notice: Notice (8): Undefined variable: menuses in [/home/rudy/www/vertizon/views/elements/navigation.ctp, line 14]
2010-05-16 11:51:33 Notice: Notice (8): Undefined variable: menuses in [/home/rudy/www/vertizon/views/elements/navigation.ctp, line 14]
2010-05-16 11:51:33 Notice: Notice (8): Undefined variable: menuses in [/home/rudy/www/vertizon/views/elements/navigation.ctp, line 14]
2010-05-16 11:51:33 Notice: Notice (8): Undefined variable: menuses in [/home/rudy/www/vertizon/views/elements/navigation.ctp, line 14]
2010-05-16 11:51:33 Notice: Notice (8): Undefined variable: menuses in [/home/rudy/www/vertizon/views/elements/navigation.ctp, line 14]
2010-05-16 11:51:33 Notice: Notice (8): Undefined variable: menuses in [/home/rudy/www/vertizon/views/elements/navigation.ctp, line 14]
2010-05-16 11:51:33 Notice: Notice (8): Undefined variable: menuses in [/home/rudy/www/vertizon/views/elements/navigation.ctp, line 14]
2010-05-16 12:10:12 Notice: Notice (8): Undefined variable: menuses in [/home/rudy/www/vertizon/views/elements/navigation.ctp, line 14]
2010-05-16 12:10:12 Notice: Notice (8): Undefined variable: menuses in [/home/rudy/www/vertizon/views/elements/navigation.ctp, line 14]
2010-05-16 12:10:12 Notice: Notice (8): Undefined variable: menuses in [/home/rudy/www/vertizon/views/elements/navigation.ctp, line 14]
2010-05-16 12:10:12 Notice: Notice (8): Undefined variable: menuses in [/home/rudy/www/vertizon/views/elements/navigation.ctp, line 14]
2010-05-16 12:10:12 Notice: Notice (8): Undefined variable: menuses in [/home/rudy/www/vertizon/views/elements/navigation.ctp, line 14]
2010-05-16 12:12:25 Notice: Notice (8): Undefined variable: menuses in [/home/rudy/www/vertizon/views/elements/navigation.ctp, line 14]
2010-05-16 12:12:25 Notice: Notice (8): Undefined variable: menuses in [/home/rudy/www/vertizon/views/elements/navigation.ctp, line 14]
2010-05-16 12:12:25 Notice: Notice (8): Undefined variable: menuses in [/home/rudy/www/vertizon/views/elements/navigation.ctp, line 14]
2010-05-16 12:12:25 Notice: Notice (8): Undefined variable: menuses in [/home/rudy/www/vertizon/views/elements/navigation.ctp, line 14]
2010-05-16 12:12:25 Notice: Notice (8): Undefined variable: menuses in [/home/rudy/www/vertizon/views/elements/navigation.ctp, line 14]
2010-05-16 12:16:14 Notice: Notice (8): Undefined offset: 0 in [/home/rudy/www/vertizon/views/contents/index.ctp, line 8]
2010-05-16 12:16:14 Notice: Notice (8): Undefined offset: 0 in [/home/rudy/www/vertizon/views/contents/index.ctp, line 8]
2010-05-16 12:16:14 Notice: Notice (8): Undefined offset: 0 in [/home/rudy/www/vertizon/views/contents/index.ctp, line 8]
2010-05-16 12:30:47 Notice: Notice (8): Undefined variable: menuses in [/home/rudy/www/vertizon/views/elements/navigation.ctp, line 14]
2010-05-16 12:30:47 Notice: Notice (8): Undefined variable: menuses in [/home/rudy/www/vertizon/views/elements/navigation.ctp, line 14]
2010-05-16 12:30:47 Notice: Notice (8): Undefined variable: menuses in [/home/rudy/www/vertizon/views/elements/navigation.ctp, line 14]
2010-05-16 12:30:47 Notice: Notice (8): Undefined variable: menuses in [/home/rudy/www/vertizon/views/elements/navigation.ctp, line 14]
2010-05-16 12:30:47 Notice: Notice (8): Undefined variable: menuses in [/home/rudy/www/vertizon/views/elements/navigation.ctp, line 14]
2010-05-16 12:30:59 Notice: Notice (8): Undefined variable: menuses in [/home/rudy/www/vertizon/views/elements/navigation.ctp, line 14]
2010-05-16 12:30:59 Notice: Notice (8): Undefined variable: menuses in [/home/rudy/www/vertizon/views/elements/navigation.ctp, line 14]
2010-05-16 12:30:59 Notice: Notice (8): Undefined variable: menuses in [/home/rudy/www/vertizon/views/elements/navigation.ctp, line 14]
2010-05-16 12:31:00 Notice: Notice (8): Undefined variable: menuses in [/home/rudy/www/vertizon/views/elements/navigation.ctp, line 14]
2010-05-16 12:31:00 Notice: Notice (8): Undefined variable: menuses in [/home/rudy/www/vertizon/views/elements/navigation.ctp, line 14]
2010-05-16 12:34:24 Notice: Notice (8): Undefined variable: menuses in [/home/rudy/www/vertizon/views/elements/navigation.ctp, line 14]
2010-05-16 12:34:24 Notice: Notice (8): Undefined variable: menuses in [/home/rudy/www/vertizon/views/elements/navigation.ctp, line 14]
2010-05-16 12:34:24 Notice: Notice (8): Undefined variable: menuses in [/home/rudy/www/vertizon/views/elements/navigation.ctp, line 14]
2010-05-16 12:34:24 Notice: Notice (8): Undefined variable: menuses in [/home/rudy/www/vertizon/views/elements/navigation.ctp, line 14]
2010-05-16 12:34:24 Notice: Notice (8): Undefined variable: menuses in [/home/rudy/www/vertizon/views/elements/navigation.ctp, line 14]
2010-05-16 12:36:37 Notice: Notice (8): Undefined index: Menus in [/home/rudy/www/vertizon/views/elements/navigation.ctp, line 19]
2010-05-16 12:36:37 Notice: Notice (8): Undefined variable: menuses in [/home/rudy/www/vertizon/views/elements/navigation.ctp, line 14]
2010-05-16 12:36:37 Notice: Notice (8): Undefined variable: menuses in [/home/rudy/www/vertizon/views/elements/navigation.ctp, line 14]
2010-05-16 12:36:37 Notice: Notice (8): Undefined variable: menuses in [/home/rudy/www/vertizon/views/elements/navigation.ctp, line 14]
2010-05-16 12:36:37 Notice: Notice (8): Undefined variable: menuses in [/home/rudy/www/vertizon/views/elements/navigation.ctp, line 14]
2010-05-16 12:36:37 Notice: Notice (8): Undefined variable: menuses in [/home/rudy/www/vertizon/views/elements/navigation.ctp, line 14]
2010-05-16 12:37:01 Notice: Notice (8): Undefined variable: menuses in [/home/rudy/www/vertizon/views/elements/navigation.ctp, line 14]
2010-05-16 12:37:01 Notice: Notice (8): Undefined variable: menuses in [/home/rudy/www/vertizon/views/elements/navigation.ctp, line 14]
2010-05-16 12:37:01 Notice: Notice (8): Undefined variable: menuses in [/home/rudy/www/vertizon/views/elements/navigation.ctp, line 14]
2010-05-16 12:37:01 Notice: Notice (8): Undefined variable: menuses in [/home/rudy/www/vertizon/views/elements/navigation.ctp, line 14]
2010-05-16 12:37:01 Notice: Notice (8): Undefined variable: menuses in [/home/rudy/www/vertizon/views/elements/navigation.ctp, line 14]
2010-05-16 13:13:01 Notice: Notice (8): Undefined variable: menuses in [/home/rudy/www/vertizon/views/elements/navigation.ctp, line 14]
2010-05-16 13:13:01 Notice: Notice (8): Undefined variable: menuses in [/home/rudy/www/vertizon/views/elements/navigation.ctp, line 14]
2010-05-16 13:13:01 Notice: Notice (8): Undefined variable: menuses in [/home/rudy/www/vertizon/views/elements/navigation.ctp, line 14]
2010-05-16 13:13:01 Notice: Notice (8): Undefined variable: menuses in [/home/rudy/www/vertizon/views/elements/navigation.ctp, line 14]
2010-05-16 13:13:01 Notice: Notice (8): Undefined variable: menuses in [/home/rudy/www/vertizon/views/elements/navigation.ctp, line 14]
2010-05-16 13:13:01 Notice: Notice (8): Undefined variable: menuses in [/home/rudy/www/vertizon/views/elements/navigation.ctp, line 14]
2010-05-16 13:13:01 Notice: Notice (8): Undefined variable: menuses in [/home/rudy/www/vertizon/views/elements/navigation.ctp, line 14]
2010-05-16 13:13:01 Notice: Notice (8): Undefined variable: menuses in [/home/rudy/www/vertizon/views/elements/navigation.ctp, line 14]
2010-05-16 13:13:02 Notice: Notice (8): Undefined variable: menuses in [/home/rudy/www/vertizon/views/elements/navigation.ctp, line 14]
2010-05-16 13:13:02 Notice: Notice (8): Undefined variable: menuses in [/home/rudy/www/vertizon/views/elements/navigation.ctp, line 14]
2010-05-16 13:13:10 Notice: Notice (8): Undefined variable: menuses in [/home/rudy/www/vertizon/views/elements/navigation.ctp, line 14]
2010-05-16 13:13:10 Notice: Notice (8): Undefined variable: menuses in [/home/rudy/www/vertizon/views/elements/navigation.ctp, line 14]
2010-05-16 13:13:10 Notice: Notice (8): Undefined variable: menuses in [/home/rudy/www/vertizon/views/elements/navigation.ctp, line 14]
2010-05-16 13:13:10 Notice: Notice (8): Undefined variable: menuses in [/home/rudy/www/vertizon/views/elements/navigation.ctp, line 14]
2010-05-16 13:13:10 Notice: Notice (8): Undefined variable: menuses in [/home/rudy/www/vertizon/views/elements/navigation.ctp, line 14]
2010-05-16 13:21:06 Notice: Notice (8): Undefined variable: menuses in [/home/rudy/www/vertizon/views/elements/navigation.ctp, line 14]
2010-05-16 13:21:06 Notice: Notice (8): Undefined variable: menuses in [/home/rudy/www/vertizon/views/elements/navigation.ctp, line 14]
2010-05-16 13:21:06 Notice: Notice (8): Undefined variable: menuses in [/home/rudy/www/vertizon/views/elements/navigation.ctp, line 14]
2010-05-16 13:21:06 Notice: Notice (8): Undefined variable: menuses in [/home/rudy/www/vertizon/views/elements/navigation.ctp, line 14]
2010-05-16 13:21:06 Notice: Notice (8): Undefined variable: menuses in [/home/rudy/www/vertizon/views/elements/navigation.ctp, line 14]
2010-05-16 13:21:06 Notice: Notice (8): Undefined variable: menuses in [/home/rudy/www/vertizon/views/elements/navigation.ctp, line 14]
2010-05-16 13:21:06 Notice: Notice (8): Undefined variable: menuses in [/home/rudy/www/vertizon/views/elements/navigation.ctp, line 14]
2010-05-16 13:21:06 Notice: Notice (8): Undefined variable: menuses in [/home/rudy/www/vertizon/views/elements/navigation.ctp, line 14]
2010-05-16 13:21:06 Notice: Notice (8): Undefined variable: menuses in [/home/rudy/www/vertizon/views/elements/navigation.ctp, line 14]
2010-05-16 13:21:06 Notice: Notice (8): Undefined variable: menuses in [/home/rudy/www/vertizon/views/elements/navigation.ctp, line 14]
2010-05-16 13:32:27 Notice: Notice (8): Undefined variable: menuses in [/home/rudy/www/vertizon/views/elements/navigation.ctp, line 14]
2010-05-16 13:32:27 Notice: Notice (8): Undefined variable: menuses in [/home/rudy/www/vertizon/views/elements/navigation.ctp, line 14]
2010-05-16 13:32:27 Notice: Notice (8): Undefined variable: menuses in [/home/rudy/www/vertizon/views/elements/navigation.ctp, line 14]
2010-05-16 13:32:27 Notice: Notice (8): Undefined variable: menuses in [/home/rudy/www/vertizon/views/elements/navigation.ctp, line 14]
2010-05-16 13:32:28 Notice: Notice (8): Undefined variable: menuses in [/home/rudy/www/vertizon/views/elements/navigation.ctp, line 14]
2010-05-16 13:32:28 Notice: Notice (8): Undefined variable: menuses in [/home/rudy/www/vertizon/views/elements/navigation.ctp, line 14]
2010-05-16 13:32:28 Notice: Notice (8): Undefined variable: menuses in [/home/rudy/www/vertizon/views/elements/navigation.ctp, line 14]
2010-05-16 13:32:28 Notice: Notice (8): Undefined variable: menuses in [/home/rudy/www/vertizon/views/elements/navigation.ctp, line 14]
2010-05-16 13:32:28 Notice: Notice (8): Undefined variable: menuses in [/home/rudy/www/vertizon/views/elements/navigation.ctp, line 14]
2010-05-16 13:32:28 Notice: Notice (8): Undefined variable: menuses in [/home/rudy/www/vertizon/views/elements/navigation.ctp, line 14]
2010-05-16 13:32:28 Notice: Notice (8): Undefined variable: menuses in [/home/rudy/www/vertizon/views/elements/navigation.ctp, line 14]
2010-05-16 13:32:28 Notice: Notice (8): Undefined variable: menuses in [/home/rudy/www/vertizon/views/elements/navigation.ctp, line 14]
2010-05-16 14:05:20 Notice: Notice (8): Undefined variable: menuses in [/home/rudy/www/vertizon/views/elements/navigation.ctp, line 14]
2010-05-16 14:05:20 Notice: Notice (8): Undefined variable: menuses in [/home/rudy/www/vertizon/views/elements/navigation.ctp, line 14]
2010-05-16 14:05:20 Notice: Notice (8): Undefined variable: menuses in [/home/rudy/www/vertizon/views/elements/navigation.ctp, line 14]
2010-05-16 14:05:20 Notice: Notice (8): Undefined variable: menuses in [/home/rudy/www/vertizon/views/elements/navigation.ctp, line 14]
2010-05-16 14:05:20 Notice: Notice (8): Undefined variable: menuses in [/home/rudy/www/vertizon/views/elements/navigation.ctp, line 14]
2010-05-16 14:05:20 Notice: Notice (8): Undefined variable: menuses in [/home/rudy/www/vertizon/views/elements/navigation.ctp, line 14]
2010-05-16 14:05:20 Notice: Notice (8): Undefined variable: menuses in [/home/rudy/www/vertizon/views/elements/navigation.ctp, line 14]
2010-05-16 14:05:20 Notice: Notice (8): Undefined variable: menuses in [/home/rudy/www/vertizon/views/elements/navigation.ctp, line 14]
2010-05-16 14:05:20 Notice: Notice (8): Undefined variable: menuses in [/home/rudy/www/vertizon/views/elements/navigation.ctp, line 14]
2010-05-16 14:05:20 Notice: Notice (8): Undefined variable: menuses in [/home/rudy/www/vertizon/views/elements/navigation.ctp, line 14]
2010-05-16 14:05:34 Notice: Notice (8): Undefined variable: menuses in [/home/rudy/www/vertizon/views/elements/navigation.ctp, line 14]
2010-05-16 14:05:34 Notice: Notice (8): Undefined variable: menuses in [/home/rudy/www/vertizon/views/elements/navigation.ctp, line 14]
2010-05-16 14:05:34 Notice: Notice (8): Undefined variable: menuses in [/home/rudy/www/vertizon/views/elements/navigation.ctp, line 14]
2010-05-16 14:05:34 Notice: Notice (8): Undefined variable: menuses in [/home/rudy/www/vertizon/views/elements/navigation.ctp, line 14]
2010-05-16 14:05:34 Notice: Notice (8): Undefined variable: menuses in [/home/rudy/www/vertizon/views/elements/navigation.ctp, line 14]
2010-05-16 14:05:34 Notice: Notice (8): Undefined variable: menuses in [/home/rudy/www/vertizon/views/elements/navigation.ctp, line 14]
2010-05-16 14:05:34 Notice: Notice (8): Undefined variable: menuses in [/home/rudy/www/vertizon/views/elements/navigation.ctp, line 14]
2010-05-16 14:05:34 Notice: Notice (8): Undefined variable: menuses in [/home/rudy/www/vertizon/views/elements/navigation.ctp, line 14]
2010-05-16 14:05:35 Notice: Notice (8): Undefined variable: menuses in [/home/rudy/www/vertizon/views/elements/navigation.ctp, line 14]
2010-05-16 14:05:35 Notice: Notice (8): Undefined variable: menuses in [/home/rudy/www/vertizon/views/elements/navigation.ctp, line 14]
2010-05-16 14:15:03 Notice: Notice (8): Undefined variable: menuses in [/home/rudy/www/vertizon/views/elements/navigation.ctp, line 14]
2010-05-16 14:15:03 Notice: Notice (8): Undefined variable: menuses in [/home/rudy/www/vertizon/views/elements/navigation.ctp, line 14]
2010-05-16 14:15:03 Notice: Notice (8): Undefined variable: menuses in [/home/rudy/www/vertizon/views/elements/navigation.ctp, line 14]
2010-05-16 14:15:03 Notice: Notice (8): Undefined variable: menuses in [/home/rudy/www/vertizon/views/elements/navigation.ctp, line 14]
2010-05-16 14:15:03 Notice: Notice (8): Undefined variable: menuses in [/home/rudy/www/vertizon/views/elements/navigation.ctp, line 14]
2010-05-16 14:15:03 Notice: Notice (8): Undefined variable: menuses in [/home/rudy/www/vertizon/views/elements/navigation.ctp, line 14]
2010-05-16 14:15:03 Notice: Notice (8): Undefined variable: menuses in [/home/rudy/www/vertizon/views/elements/navigation.ctp, line 14]
2010-05-16 14:15:03 Notice: Notice (8): Undefined variable: menuses in [/home/rudy/www/vertizon/views/elements/navigation.ctp, line 14]
2010-05-16 14:15:03 Notice: Notice (8): Undefined variable: menuses in [/home/rudy/www/vertizon/views/elements/navigation.ctp, line 14]
2010-05-16 14:15:03 Notice: Notice (8): Undefined variable: menuses in [/home/rudy/www/vertizon/views/elements/navigation.ctp, line 14]
2010-05-16 14:18:34 Notice: Notice (8): Undefined variable: menuses in [/home/rudy/www/vertizon/views/elements/navigation.ctp, line 14]
2010-05-16 14:18:34 Notice: Notice (8): Undefined variable: menuses in [/home/rudy/www/vertizon/views/elements/navigation.ctp, line 14]
2010-05-16 14:18:34 Notice: Notice (8): Undefined variable: menuses in [/home/rudy/www/vertizon/views/elements/navigation.ctp, line 14]
2010-05-16 14:18:34 Notice: Notice (8): Undefined variable: menuses in [/home/rudy/www/vertizon/views/elements/navigation.ctp, line 14]
2010-05-16 14:18:34 Notice: Notice (8): Undefined variable: menuses in [/home/rudy/www/vertizon/views/elements/navigation.ctp, line 14]
2010-05-16 14:18:34 Notice: Notice (8): Undefined variable: menuses in [/home/rudy/www/vertizon/views/elements/navigation.ctp, line 14]
2010-05-16 14:18:34 Notice: Notice (8): Undefined variable: menuses in [/home/rudy/www/vertizon/views/elements/navigation.ctp, line 14]
2010-05-16 14:18:34 Notice: Notice (8): Undefined variable: menuses in [/home/rudy/www/vertizon/views/elements/navigation.ctp, line 14]
2010-05-16 14:18:34 Notice: Notice (8): Undefined variable: menuses in [/home/rudy/www/vertizon/views/elements/navigation.ctp, line 14]
2010-05-16 14:18:34 Notice: Notice (8): Undefined variable: menuses in [/home/rudy/www/vertizon/views/elements/navigation.ctp, line 14]
2010-05-16 14:18:59 Notice: Notice (8): Undefined variable: menuses in [/home/rudy/www/vertizon/views/elements/navigation.ctp, line 14]
2010-05-16 14:18:59 Notice: Notice (8): Undefined variable: menuses in [/home/rudy/www/vertizon/views/elements/navigation.ctp, line 14]
2010-05-16 14:18:59 Notice: Notice (8): Undefined variable: menuses in [/home/rudy/www/vertizon/views/elements/navigation.ctp, line 14]
2010-05-16 14:18:59 Notice: Notice (8): Undefined variable: menuses in [/home/rudy/www/vertizon/views/elements/navigation.ctp, line 14]
2010-05-16 14:18:59 Notice: Notice (8): Undefined variable: menuses in [/home/rudy/www/vertizon/views/elements/navigation.ctp, line 14]
2010-05-16 14:18:59 Notice: Notice (8): Undefined variable: menuses in [/home/rudy/www/vertizon/views/elements/navigation.ctp, line 14]
2010-05-16 14:18:59 Notice: Notice (8): Undefined variable: menuses in [/home/rudy/www/vertizon/views/elements/navigation.ctp, line 14]
2010-05-16 14:18:59 Notice: Notice (8): Undefined variable: menuses in [/home/rudy/www/vertizon/views/elements/navigation.ctp, line 14]
2010-05-16 14:18:59 Notice: Notice (8): Undefined variable: menuses in [/home/rudy/www/vertizon/views/elements/navigation.ctp, line 14]
2010-05-16 14:20:00 Notice: Notice (8): Undefined variable: menuses in [/home/rudy/www/vertizon/views/elements/navigation.ctp, line 14]
2010-05-16 14:20:00 Notice: Notice (8): Undefined variable: menuses in [/home/rudy/www/vertizon/views/elements/navigation.ctp, line 14]
2010-05-16 14:20:00 Notice: Notice (8): Undefined variable: menuses in [/home/rudy/www/vertizon/views/elements/navigation.ctp, line 14]
2010-05-16 14:20:00 Notice: Notice (8): Undefined variable: menuses in [/home/rudy/www/vertizon/views/elements/navigation.ctp, line 14]
2010-05-16 14:20:00 Notice: Notice (8): Undefined variable: menuses in [/home/rudy/www/vertizon/views/elements/navigation.ctp, line 14]
2010-05-16 14:20:01 Notice: Notice (8): Undefined variable: menuses in [/home/rudy/www/vertizon/views/elements/navigation.ctp, line 14]
2010-05-16 14:20:01 Notice: Notice (8): Undefined variable: menuses in [/home/rudy/www/vertizon/views/elements/navigation.ctp, line 14]
2010-05-16 14:20:01 Notice: Notice (8): Undefined variable: menuses in [/home/rudy/www/vertizon/views/elements/navigation.ctp, line 14]
2010-05-16 14:20:01 Notice: Notice (8): Undefined variable: menuses in [/home/rudy/www/vertizon/views/elements/navigation.ctp, line 14]
2010-05-16 14:20:17 Notice: Notice (8): Undefined variable: menuses in [/home/rudy/www/vertizon/views/elements/navigation.ctp, line 14]
2010-05-16 14:20:17 Notice: Notice (8): Undefined variable: menuses in [/home/rudy/www/vertizon/views/elements/navigation.ctp, line 14]
2010-05-16 14:20:17 Notice: Notice (8): Undefined variable: menuses in [/home/rudy/www/vertizon/views/elements/navigation.ctp, line 14]
2010-05-16 14:20:17 Notice: Notice (8): Undefined variable: menuses in [/home/rudy/www/vertizon/views/elements/navigation.ctp, line 14]
2010-05-16 14:20:18 Notice: Notice (8): Undefined variable: menuses in [/home/rudy/www/vertizon/views/elements/navigation.ctp, line 14]
2010-05-16 14:20:18 Notice: Notice (8): Undefined variable: menuses in [/home/rudy/www/vertizon/views/elements/navigation.ctp, line 14]
2010-05-16 14:20:18 Notice: Notice (8): Undefined variable: menuses in [/home/rudy/www/vertizon/views/elements/navigation.ctp, line 14]
2010-05-16 14:20:18 Notice: Notice (8): Undefined variable: menuses in [/home/rudy/www/vertizon/views/elements/navigation.ctp, line 14]
2010-05-16 14:20:18 Notice: Notice (8): Undefined variable: menuses in [/home/rudy/www/vertizon/views/elements/navigation.ctp, line 14]
2010-05-16 14:20:24 Notice: Notice (8): Undefined variable: menuses in [/home/rudy/www/vertizon/views/elements/navigation.ctp, line 14]
2010-05-16 14:20:24 Notice: Notice (8): Undefined variable: menuses in [/home/rudy/www/vertizon/views/elements/navigation.ctp, line 14]
2010-05-16 14:20:24 Notice: Notice (8): Undefined variable: menuses in [/home/rudy/www/vertizon/views/elements/navigation.ctp, line 14]
2010-05-16 14:20:24 Notice: Notice (8): Undefined variable: menuses in [/home/rudy/www/vertizon/views/elements/navigation.ctp, line 14]
2010-05-16 14:20:24 Notice: Notice (8): Undefined variable: menuses in [/home/rudy/www/vertizon/views/elements/navigation.ctp, line 14]
