2010-05-10 17:57:30 Warning: Warning (512): <span style="color:Red;text-align:left"><b>SQL Error:</b> 1054: Unknown column 'Content.name' in 'where clause'</span> in [/home/rudy/www/cake/cake/libs/model/datasources/dbo_source.php, line 666]
2010-05-10 17:57:30 Warning: Warning (2): Invalid argument supplied for foreach() in [/home/rudy/www/vertizon/views/contents/index.ctp, line 15]
2010-05-10 17:57:30 Warning: Warning (512): <span style="color:Red;text-align:left"><b>SQL Error:</b> 1054: Unknown column 'Content.name' in 'where clause'</span> in [/home/rudy/www/cake/cake/libs/model/datasources/dbo_source.php, line 666]
2010-05-10 17:57:30 Warning: Warning (2): Invalid argument supplied for foreach() in [/home/rudy/www/vertizon/views/contents/index.ctp, line 15]
2010-05-15 17:40:30 Warning: Warning (512): <span style="color:Red;text-align:left"><b>SQL Error:</b> 1052: Column 'parent_id' in where clause is ambiguous</span> in [/home/rudy/www/cake/cake/libs/model/datasources/dbo_source.php, line 666]
2010-05-15 17:40:30 Warning: Warning (2): Invalid argument supplied for foreach() in [/home/rudy/www/vertizon/views/menuses/admin_index.ctp, line 13]
2010-05-15 17:40:36 Warning: Warning (512): <span style="color:Red;text-align:left"><b>SQL Error:</b> 1052: Column 'parent_id' in where clause is ambiguous</span> in [/home/rudy/www/cake/cake/libs/model/datasources/dbo_source.php, line 666]
2010-05-15 17:40:36 Warning: Warning (2): Invalid argument supplied for foreach() in [/home/rudy/www/vertizon/views/menuses/admin_index.ctp, line 13]
2010-05-15 20:51:14 Warning: Warning (2): Invalid argument supplied for foreach() in [/home/rudy/www/vertizon/views/elements/navigation.ctp, line 14]
2010-05-15 20:51:14 Warning: Warning (2): Invalid argument supplied for foreach() in [/home/rudy/www/vertizon/views/elements/navigation.ctp, line 14]
2010-05-15 20:51:14 Warning: Warning (2): Invalid argument supplied for foreach() in [/home/rudy/www/vertizon/views/elements/navigation.ctp, line 14]
2010-05-15 20:51:14 Warning: Warning (2): Invalid argument supplied for foreach() in [/home/rudy/www/vertizon/views/elements/navigation.ctp, line 14]
2010-05-15 20:51:14 Warning: Warning (2): Invalid argument supplied for foreach() in [/home/rudy/www/vertizon/views/elements/navigation.ctp, line 14]
2010-05-15 20:51:14 Warning: Warning (2): Invalid argument supplied for foreach() in [/home/rudy/www/vertizon/views/elements/navigation.ctp, line 14]
2010-05-15 20:51:14 Warning: Warning (2): Invalid argument supplied for foreach() in [/home/rudy/www/vertizon/views/elements/navigation.ctp, line 14]
2010-05-15 20:51:14 Warning: Warning (2): Invalid argument supplied for foreach() in [/home/rudy/www/vertizon/views/elements/navigation.ctp, line 14]
2010-05-15 20:51:14 Warning: Warning (2): Invalid argument supplied for foreach() in [/home/rudy/www/vertizon/views/elements/navigation.ctp, line 14]
2010-05-15 20:51:14 Warning: Warning (2): Invalid argument supplied for foreach() in [/home/rudy/www/vertizon/views/elements/navigation.ctp, line 14]
2010-05-15 20:51:16 Warning: Warning (2): Invalid argument supplied for foreach() in [/home/rudy/www/vertizon/views/elements/navigation.ctp, line 14]
2010-05-15 20:51:16 Warning: Warning (2): Invalid argument supplied for foreach() in [/home/rudy/www/vertizon/views/elements/navigation.ctp, line 14]
2010-05-15 20:51:16 Warning: Warning (2): Invalid argument supplied for foreach() in [/home/rudy/www/vertizon/views/elements/navigation.ctp, line 14]
2010-05-15 20:51:16 Warning: Warning (2): Invalid argument supplied for foreach() in [/home/rudy/www/vertizon/views/elements/navigation.ctp, line 14]
2010-05-15 20:51:16 Warning: Warning (2): Invalid argument supplied for foreach() in [/home/rudy/www/vertizon/views/elements/navigation.ctp, line 14]
2010-05-15 20:51:16 Warning: Warning (2): Invalid argument supplied for foreach() in [/home/rudy/www/vertizon/views/elements/navigation.ctp, line 14]
2010-05-15 20:51:16 Warning: Warning (2): Invalid argument supplied for foreach() in [/home/rudy/www/vertizon/views/elements/navigation.ctp, line 14]
2010-05-15 20:51:16 Warning: Warning (2): Invalid argument supplied for foreach() in [/home/rudy/www/vertizon/views/elements/navigation.ctp, line 14]
2010-05-15 20:51:16 Warning: Warning (2): Invalid argument supplied for foreach() in [/home/rudy/www/vertizon/views/elements/navigation.ctp, line 14]
2010-05-15 20:51:16 Warning: Warning (2): Invalid argument supplied for foreach() in [/home/rudy/www/vertizon/views/elements/navigation.ctp, line 14]
2010-05-15 20:51:18 Warning: Warning (2): Invalid argument supplied for foreach() in [/home/rudy/www/vertizon/views/elements/navigation.ctp, line 14]
2010-05-15 20:51:18 Warning: Warning (2): Invalid argument supplied for foreach() in [/home/rudy/www/vertizon/views/elements/navigation.ctp, line 14]
2010-05-15 20:51:18 Warning: Warning (2): Invalid argument supplied for foreach() in [/home/rudy/www/vertizon/views/elements/navigation.ctp, line 14]
2010-05-15 20:51:18 Warning: Warning (2): Invalid argument supplied for foreach() in [/home/rudy/www/vertizon/views/elements/navigation.ctp, line 14]
2010-05-15 20:51:18 Warning: Warning (2): Invalid argument supplied for foreach() in [/home/rudy/www/vertizon/views/elements/navigation.ctp, line 14]
2010-05-15 20:51:18 Warning: Warning (2): Invalid argument supplied for foreach() in [/home/rudy/www/vertizon/views/elements/navigation.ctp, line 14]
2010-05-15 20:51:18 Warning: Warning (2): Invalid argument supplied for foreach() in [/home/rudy/www/vertizon/views/elements/navigation.ctp, line 14]
2010-05-15 20:51:18 Warning: Warning (2): Invalid argument supplied for foreach() in [/home/rudy/www/vertizon/views/elements/navigation.ctp, line 14]
2010-05-15 20:51:18 Warning: Warning (2): Invalid argument supplied for foreach() in [/home/rudy/www/vertizon/views/elements/navigation.ctp, line 14]
2010-05-15 20:51:18 Warning: Warning (2): Invalid argument supplied for foreach() in [/home/rudy/www/vertizon/views/elements/navigation.ctp, line 14]
2010-05-15 20:51:24 Warning: Warning (2): Invalid argument supplied for foreach() in [/home/rudy/www/vertizon/views/elements/navigation.ctp, line 14]
2010-05-15 20:51:24 Warning: Warning (2): Invalid argument supplied for foreach() in [/home/rudy/www/vertizon/views/elements/navigation.ctp, line 14]
2010-05-15 20:51:24 Warning: Warning (2): Invalid argument supplied for foreach() in [/home/rudy/www/vertizon/views/elements/navigation.ctp, line 14]
2010-05-15 20:51:25 Warning: Warning (2): Invalid argument supplied for foreach() in [/home/rudy/www/vertizon/views/elements/navigation.ctp, line 14]
2010-05-15 20:51:25 Warning: Warning (2): Invalid argument supplied for foreach() in [/home/rudy/www/vertizon/views/elements/navigation.ctp, line 14]
2010-05-15 20:51:25 Warning: Warning (2): Invalid argument supplied for foreach() in [/home/rudy/www/vertizon/views/elements/navigation.ctp, line 14]
2010-05-15 20:51:25 Warning: Warning (2): Invalid argument supplied for foreach() in [/home/rudy/www/vertizon/views/elements/navigation.ctp, line 14]
2010-05-15 20:51:25 Warning: Warning (2): Invalid argument supplied for foreach() in [/home/rudy/www/vertizon/views/elements/navigation.ctp, line 14]
2010-05-15 20:51:25 Warning: Warning (2): Invalid argument supplied for foreach() in [/home/rudy/www/vertizon/views/elements/navigation.ctp, line 14]
2010-05-15 20:51:25 Warning: Warning (2): Invalid argument supplied for foreach() in [/home/rudy/www/vertizon/views/elements/navigation.ctp, line 14]
2010-05-15 20:51:36 Warning: Warning (2): Invalid argument supplied for foreach() in [/home/rudy/www/vertizon/views/elements/navigation.ctp, line 14]
2010-05-15 20:51:36 Warning: Warning (2): Invalid argument supplied for foreach() in [/home/rudy/www/vertizon/views/elements/navigation.ctp, line 14]
2010-05-15 20:51:37 Warning: Warning (2): Invalid argument supplied for foreach() in [/home/rudy/www/vertizon/views/elements/navigation.ctp, line 14]
2010-05-15 20:51:37 Warning: Warning (2): Invalid argument supplied for foreach() in [/home/rudy/www/vertizon/views/elements/navigation.ctp, line 14]
2010-05-15 20:51:37 Warning: Warning (2): Invalid argument supplied for foreach() in [/home/rudy/www/vertizon/views/elements/navigation.ctp, line 14]
2010-05-15 20:51:37 Warning: Warning (2): Invalid argument supplied for foreach() in [/home/rudy/www/vertizon/views/elements/navigation.ctp, line 14]
2010-05-15 20:51:37 Warning: Warning (2): Invalid argument supplied for foreach() in [/home/rudy/www/vertizon/views/elements/navigation.ctp, line 14]
2010-05-15 20:51:37 Warning: Warning (2): Invalid argument supplied for foreach() in [/home/rudy/www/vertizon/views/elements/navigation.ctp, line 14]
2010-05-15 20:51:37 Warning: Warning (2): Invalid argument supplied for foreach() in [/home/rudy/www/vertizon/views/elements/navigation.ctp, line 14]
2010-05-15 20:51:37 Warning: Warning (2): Invalid argument supplied for foreach() in [/home/rudy/www/vertizon/views/elements/navigation.ctp, line 14]
2010-05-15 20:52:20 Warning: Warning (2): Invalid argument supplied for foreach() in [/home/rudy/www/vertizon/views/elements/navigation.ctp, line 14]
2010-05-15 20:52:21 Warning: Warning (2): Invalid argument supplied for foreach() in [/home/rudy/www/vertizon/views/elements/navigation.ctp, line 14]
2010-05-15 20:52:21 Warning: Warning (2): Invalid argument supplied for foreach() in [/home/rudy/www/vertizon/views/elements/navigation.ctp, line 14]
2010-05-15 20:52:21 Warning: Warning (2): Invalid argument supplied for foreach() in [/home/rudy/www/vertizon/views/elements/navigation.ctp, line 14]
2010-05-15 20:52:21 Warning: Warning (2): Invalid argument supplied for foreach() in [/home/rudy/www/vertizon/views/elements/navigation.ctp, line 14]
2010-05-15 20:52:21 Warning: Warning (2): Invalid argument supplied for foreach() in [/home/rudy/www/vertizon/views/elements/navigation.ctp, line 14]
2010-05-15 20:52:21 Warning: Warning (2): Invalid argument supplied for foreach() in [/home/rudy/www/vertizon/views/elements/navigation.ctp, line 14]
2010-05-15 20:52:21 Warning: Warning (2): Invalid argument supplied for foreach() in [/home/rudy/www/vertizon/views/elements/navigation.ctp, line 14]
2010-05-15 20:52:21 Warning: Warning (2): Invalid argument supplied for foreach() in [/home/rudy/www/vertizon/views/elements/navigation.ctp, line 14]
2010-05-15 20:52:21 Warning: Warning (2): Invalid argument supplied for foreach() in [/home/rudy/www/vertizon/views/elements/navigation.ctp, line 14]
2010-05-15 20:53:42 Warning: Warning (2): Invalid argument supplied for foreach() in [/home/rudy/www/vertizon/views/elements/navigation.ctp, line 14]
2010-05-15 20:53:42 Warning: Warning (2): Invalid argument supplied for foreach() in [/home/rudy/www/vertizon/views/elements/navigation.ctp, line 14]
2010-05-15 20:53:42 Warning: Warning (2): Invalid argument supplied for foreach() in [/home/rudy/www/vertizon/views/elements/navigation.ctp, line 14]
2010-05-15 20:53:43 Warning: Warning (2): Invalid argument supplied for foreach() in [/home/rudy/www/vertizon/views/elements/navigation.ctp, line 14]
2010-05-15 20:53:43 Warning: Warning (2): Invalid argument supplied for foreach() in [/home/rudy/www/vertizon/views/elements/navigation.ctp, line 14]
2010-05-15 20:53:43 Warning: Warning (2): Invalid argument supplied for foreach() in [/home/rudy/www/vertizon/views/elements/navigation.ctp, line 14]
2010-05-15 20:53:43 Warning: Warning (2): Invalid argument supplied for foreach() in [/home/rudy/www/vertizon/views/elements/navigation.ctp, line 14]
2010-05-15 20:53:43 Warning: Warning (2): Invalid argument supplied for foreach() in [/home/rudy/www/vertizon/views/elements/navigation.ctp, line 14]
2010-05-15 20:53:43 Warning: Warning (2): Invalid argument supplied for foreach() in [/home/rudy/www/vertizon/views/elements/navigation.ctp, line 14]
2010-05-15 20:53:43 Warning: Warning (2): Invalid argument supplied for foreach() in [/home/rudy/www/vertizon/views/elements/navigation.ctp, line 14]
2010-05-15 20:57:38 Warning: Warning (2): Invalid argument supplied for foreach() in [/home/rudy/www/vertizon/views/elements/navigation.ctp, line 14]
2010-05-15 20:57:38 Warning: Warning (2): Invalid argument supplied for foreach() in [/home/rudy/www/vertizon/views/elements/navigation.ctp, line 14]
2010-05-15 20:57:38 Warning: Warning (2): Invalid argument supplied for foreach() in [/home/rudy/www/vertizon/views/elements/navigation.ctp, line 14]
2010-05-15 20:57:38 Warning: Warning (2): Invalid argument supplied for foreach() in [/home/rudy/www/vertizon/views/elements/navigation.ctp, line 14]
2010-05-15 20:57:38 Warning: Warning (2): Invalid argument supplied for foreach() in [/home/rudy/www/vertizon/views/elements/navigation.ctp, line 14]
2010-05-15 20:57:38 Warning: Warning (2): Invalid argument supplied for foreach() in [/home/rudy/www/vertizon/views/elements/navigation.ctp, line 14]
2010-05-15 20:57:38 Warning: Warning (2): Invalid argument supplied for foreach() in [/home/rudy/www/vertizon/views/elements/navigation.ctp, line 14]
2010-05-15 20:57:38 Warning: Warning (2): Invalid argument supplied for foreach() in [/home/rudy/www/vertizon/views/elements/navigation.ctp, line 14]
2010-05-15 20:57:38 Warning: Warning (2): Invalid argument supplied for foreach() in [/home/rudy/www/vertizon/views/elements/navigation.ctp, line 14]
2010-05-15 20:57:38 Warning: Warning (2): Invalid argument supplied for foreach() in [/home/rudy/www/vertizon/views/elements/navigation.ctp, line 14]
2010-05-16 00:32:16 Warning: Warning (2): Invalid argument supplied for foreach() in [/home/rudy/www/vertizon/views/elements/navigation.ctp, line 14]
2010-05-16 00:32:48 Warning: Warning (2): Invalid argument supplied for foreach() in [/home/rudy/www/vertizon/views/elements/navigation.ctp, line 14]
2010-05-16 00:32:51 Warning: Warning (2): Invalid argument supplied for foreach() in [/home/rudy/www/vertizon/views/elements/navigation.ctp, line 14]
2010-05-16 00:37:24 Warning: Warning (2): Invalid argument supplied for foreach() in [/home/rudy/www/vertizon/views/elements/navigation.ctp, line 14]
2010-05-16 01:48:19 Warning: Warning (2): Invalid argument supplied for foreach() in [/home/rudy/www/vertizon/views/elements/navigation.ctp, line 14]
2010-05-16 01:48:19 Warning: Warning (2): Invalid argument supplied for foreach() in [/home/rudy/www/vertizon/views/elements/navigation.ctp, line 14]
2010-05-16 01:48:19 Warning: Warning (2): Invalid argument supplied for foreach() in [/home/rudy/www/vertizon/views/elements/navigation.ctp, line 14]
2010-05-16 01:48:19 Warning: Warning (2): Invalid argument supplied for foreach() in [/home/rudy/www/vertizon/views/elements/navigation.ctp, line 14]
2010-05-16 01:48:19 Warning: Warning (2): Invalid argument supplied for foreach() in [/home/rudy/www/vertizon/views/elements/navigation.ctp, line 14]
2010-05-16 01:58:35 Warning: Warning (2): Invalid argument supplied for foreach() in [/home/rudy/www/vertizon/views/elements/navigation.ctp, line 14]
2010-05-16 01:58:35 Warning: Warning (2): Invalid argument supplied for foreach() in [/home/rudy/www/vertizon/views/elements/navigation.ctp, line 14]
2010-05-16 01:58:35 Warning: Warning (2): Invalid argument supplied for foreach() in [/home/rudy/www/vertizon/views/elements/navigation.ctp, line 14]
2010-05-16 01:58:35 Warning: Warning (2): Invalid argument supplied for foreach() in [/home/rudy/www/vertizon/views/elements/navigation.ctp, line 14]
2010-05-16 01:58:35 Warning: Warning (2): Invalid argument supplied for foreach() in [/home/rudy/www/vertizon/views/elements/navigation.ctp, line 14]
2010-05-16 11:28:22 Warning: Warning (2): Invalid argument supplied for foreach() in [/home/rudy/www/vertizon/views/elements/navigation.ctp, line 14]
2010-05-16 11:28:22 Warning: Warning (2): Invalid argument supplied for foreach() in [/home/rudy/www/vertizon/views/elements/navigation.ctp, line 14]
2010-05-16 11:28:22 Warning: Warning (2): Invalid argument supplied for foreach() in [/home/rudy/www/vertizon/views/elements/navigation.ctp, line 14]
2010-05-16 11:28:23 Warning: Warning (2): Invalid argument supplied for foreach() in [/home/rudy/www/vertizon/views/elements/navigation.ctp, line 14]
2010-05-16 11:28:23 Warning: Warning (2): Invalid argument supplied for foreach() in [/home/rudy/www/vertizon/views/elements/navigation.ctp, line 14]
2010-05-16 11:28:23 Warning: Warning (2): Invalid argument supplied for foreach() in [/home/rudy/www/vertizon/views/elements/navigation.ctp, line 14]
2010-05-16 11:28:23 Warning: Warning (2): Invalid argument supplied for foreach() in [/home/rudy/www/vertizon/views/elements/navigation.ctp, line 14]
2010-05-16 11:28:23 Warning: Warning (2): Invalid argument supplied for foreach() in [/home/rudy/www/vertizon/views/elements/navigation.ctp, line 14]
2010-05-16 11:28:23 Warning: Warning (2): Invalid argument supplied for foreach() in [/home/rudy/www/vertizon/views/elements/navigation.ctp, line 14]
2010-05-16 11:28:23 Warning: Warning (2): Invalid argument supplied for foreach() in [/home/rudy/www/vertizon/views/elements/navigation.ctp, line 14]
2010-05-16 11:51:33 Warning: Warning (2): Invalid argument supplied for foreach() in [/home/rudy/www/vertizon/views/elements/navigation.ctp, line 14]
2010-05-16 11:51:33 Warning: Warning (2): Invalid argument supplied for foreach() in [/home/rudy/www/vertizon/views/elements/navigation.ctp, line 14]
2010-05-16 11:51:33 Warning: Warning (2): Invalid argument supplied for foreach() in [/home/rudy/www/vertizon/views/elements/navigation.ctp, line 14]
2010-05-16 11:51:33 Warning: Warning (2): Invalid argument supplied for foreach() in [/home/rudy/www/vertizon/views/elements/navigation.ctp, line 14]
2010-05-16 11:51:33 Warning: Warning (2): Invalid argument supplied for foreach() in [/home/rudy/www/vertizon/views/elements/navigation.ctp, line 14]
2010-05-16 11:51:33 Warning: Warning (2): Invalid argument supplied for foreach() in [/home/rudy/www/vertizon/views/elements/navigation.ctp, line 14]
2010-05-16 11:51:33 Warning: Warning (2): Invalid argument supplied for foreach() in [/home/rudy/www/vertizon/views/elements/navigation.ctp, line 14]
2010-05-16 11:51:33 Warning: Warning (2): Invalid argument supplied for foreach() in [/home/rudy/www/vertizon/views/elements/navigation.ctp, line 14]
2010-05-16 11:51:33 Warning: Warning (2): Invalid argument supplied for foreach() in [/home/rudy/www/vertizon/views/elements/navigation.ctp, line 14]
2010-05-16 11:51:33 Warning: Warning (2): Invalid argument supplied for foreach() in [/home/rudy/www/vertizon/views/elements/navigation.ctp, line 14]
2010-05-16 12:10:12 Warning: Warning (2): Invalid argument supplied for foreach() in [/home/rudy/www/vertizon/views/elements/navigation.ctp, line 14]
2010-05-16 12:10:12 Warning: Warning (2): Invalid argument supplied for foreach() in [/home/rudy/www/vertizon/views/elements/navigation.ctp, line 14]
2010-05-16 12:10:12 Warning: Warning (2): Invalid argument supplied for foreach() in [/home/rudy/www/vertizon/views/elements/navigation.ctp, line 14]
2010-05-16 12:10:12 Warning: Warning (2): Invalid argument supplied for foreach() in [/home/rudy/www/vertizon/views/elements/navigation.ctp, line 14]
2010-05-16 12:10:12 Warning: Warning (2): Invalid argument supplied for foreach() in [/home/rudy/www/vertizon/views/elements/navigation.ctp, line 14]
2010-05-16 12:12:25 Warning: Warning (2): Invalid argument supplied for foreach() in [/home/rudy/www/vertizon/views/elements/navigation.ctp, line 14]
2010-05-16 12:12:25 Warning: Warning (2): Invalid argument supplied for foreach() in [/home/rudy/www/vertizon/views/elements/navigation.ctp, line 14]
2010-05-16 12:12:25 Warning: Warning (2): Invalid argument supplied for foreach() in [/home/rudy/www/vertizon/views/elements/navigation.ctp, line 14]
2010-05-16 12:12:25 Warning: Warning (2): Invalid argument supplied for foreach() in [/home/rudy/www/vertizon/views/elements/navigation.ctp, line 14]
2010-05-16 12:12:25 Warning: Warning (2): Invalid argument supplied for foreach() in [/home/rudy/www/vertizon/views/elements/navigation.ctp, line 14]
2010-05-16 12:30:47 Warning: Warning (2): Invalid argument supplied for foreach() in [/home/rudy/www/vertizon/views/elements/navigation.ctp, line 14]
2010-05-16 12:30:47 Warning: Warning (2): Invalid argument supplied for foreach() in [/home/rudy/www/vertizon/views/elements/navigation.ctp, line 14]
2010-05-16 12:30:47 Warning: Warning (2): Invalid argument supplied for foreach() in [/home/rudy/www/vertizon/views/elements/navigation.ctp, line 14]
2010-05-16 12:30:47 Warning: Warning (2): Invalid argument supplied for foreach() in [/home/rudy/www/vertizon/views/elements/navigation.ctp, line 14]
2010-05-16 12:30:47 Warning: Warning (2): Invalid argument supplied for foreach() in [/home/rudy/www/vertizon/views/elements/navigation.ctp, line 14]
2010-05-16 12:30:59 Warning: Warning (2): Invalid argument supplied for foreach() in [/home/rudy/www/vertizon/views/elements/navigation.ctp, line 14]
2010-05-16 12:30:59 Warning: Warning (2): Invalid argument supplied for foreach() in [/home/rudy/www/vertizon/views/elements/navigation.ctp, line 14]
2010-05-16 12:30:59 Warning: Warning (2): Invalid argument supplied for foreach() in [/home/rudy/www/vertizon/views/elements/navigation.ctp, line 14]
2010-05-16 12:31:00 Warning: Warning (2): Invalid argument supplied for foreach() in [/home/rudy/www/vertizon/views/elements/navigation.ctp, line 14]
2010-05-16 12:31:00 Warning: Warning (2): Invalid argument supplied for foreach() in [/home/rudy/www/vertizon/views/elements/navigation.ctp, line 14]
2010-05-16 12:34:24 Warning: Warning (2): Invalid argument supplied for foreach() in [/home/rudy/www/vertizon/views/elements/navigation.ctp, line 14]
2010-05-16 12:34:24 Warning: Warning (2): Invalid argument supplied for foreach() in [/home/rudy/www/vertizon/views/elements/navigation.ctp, line 14]
2010-05-16 12:34:24 Warning: Warning (2): Invalid argument supplied for foreach() in [/home/rudy/www/vertizon/views/elements/navigation.ctp, line 14]
2010-05-16 12:34:24 Warning: Warning (2): Invalid argument supplied for foreach() in [/home/rudy/www/vertizon/views/elements/navigation.ctp, line 14]
2010-05-16 12:34:24 Warning: Warning (2): Invalid argument supplied for foreach() in [/home/rudy/www/vertizon/views/elements/navigation.ctp, line 14]
2010-05-16 12:36:37 Warning: Warning (2): Invalid argument supplied for foreach() in [/home/rudy/www/vertizon/views/elements/navigation.ctp, line 14]
2010-05-16 12:36:37 Warning: Warning (2): Invalid argument supplied for foreach() in [/home/rudy/www/vertizon/views/elements/navigation.ctp, line 14]
2010-05-16 12:36:37 Warning: Warning (2): Invalid argument supplied for foreach() in [/home/rudy/www/vertizon/views/elements/navigation.ctp, line 14]
2010-05-16 12:36:37 Warning: Warning (2): Invalid argument supplied for foreach() in [/home/rudy/www/vertizon/views/elements/navigation.ctp, line 14]
2010-05-16 12:36:37 Warning: Warning (2): Invalid argument supplied for foreach() in [/home/rudy/www/vertizon/views/elements/navigation.ctp, line 14]
2010-05-16 12:37:01 Warning: Warning (2): Invalid argument supplied for foreach() in [/home/rudy/www/vertizon/views/elements/navigation.ctp, line 14]
2010-05-16 12:37:01 Warning: Warning (2): Invalid argument supplied for foreach() in [/home/rudy/www/vertizon/views/elements/navigation.ctp, line 14]
2010-05-16 12:37:01 Warning: Warning (2): Invalid argument supplied for foreach() in [/home/rudy/www/vertizon/views/elements/navigation.ctp, line 14]
2010-05-16 12:37:01 Warning: Warning (2): Invalid argument supplied for foreach() in [/home/rudy/www/vertizon/views/elements/navigation.ctp, line 14]
2010-05-16 12:37:01 Warning: Warning (2): Invalid argument supplied for foreach() in [/home/rudy/www/vertizon/views/elements/navigation.ctp, line 14]
2010-05-16 13:13:01 Warning: Warning (2): Invalid argument supplied for foreach() in [/home/rudy/www/vertizon/views/elements/navigation.ctp, line 14]
2010-05-16 13:13:01 Warning: Warning (2): Invalid argument supplied for foreach() in [/home/rudy/www/vertizon/views/elements/navigation.ctp, line 14]
2010-05-16 13:13:01 Warning: Warning (2): Invalid argument supplied for foreach() in [/home/rudy/www/vertizon/views/elements/navigation.ctp, line 14]
2010-05-16 13:13:01 Warning: Warning (2): Invalid argument supplied for foreach() in [/home/rudy/www/vertizon/views/elements/navigation.ctp, line 14]
2010-05-16 13:13:01 Warning: Warning (2): Invalid argument supplied for foreach() in [/home/rudy/www/vertizon/views/elements/navigation.ctp, line 14]
2010-05-16 13:13:01 Warning: Warning (2): Invalid argument supplied for foreach() in [/home/rudy/www/vertizon/views/elements/navigation.ctp, line 14]
2010-05-16 13:13:01 Warning: Warning (2): Invalid argument supplied for foreach() in [/home/rudy/www/vertizon/views/elements/navigation.ctp, line 14]
2010-05-16 13:13:01 Warning: Warning (2): Invalid argument supplied for foreach() in [/home/rudy/www/vertizon/views/elements/navigation.ctp, line 14]
2010-05-16 13:13:02 Warning: Warning (2): Invalid argument supplied for foreach() in [/home/rudy/www/vertizon/views/elements/navigation.ctp, line 14]
2010-05-16 13:13:02 Warning: Warning (2): Invalid argument supplied for foreach() in [/home/rudy/www/vertizon/views/elements/navigation.ctp, line 14]
2010-05-16 13:13:10 Warning: Warning (2): Invalid argument supplied for foreach() in [/home/rudy/www/vertizon/views/elements/navigation.ctp, line 14]
2010-05-16 13:13:10 Warning: Warning (2): Invalid argument supplied for foreach() in [/home/rudy/www/vertizon/views/elements/navigation.ctp, line 14]
2010-05-16 13:13:10 Warning: Warning (2): Invalid argument supplied for foreach() in [/home/rudy/www/vertizon/views/elements/navigation.ctp, line 14]
2010-05-16 13:13:10 Warning: Warning (2): Invalid argument supplied for foreach() in [/home/rudy/www/vertizon/views/elements/navigation.ctp, line 14]
2010-05-16 13:13:10 Warning: Warning (2): Invalid argument supplied for foreach() in [/home/rudy/www/vertizon/views/elements/navigation.ctp, line 14]
2010-05-16 13:21:06 Warning: Warning (2): Invalid argument supplied for foreach() in [/home/rudy/www/vertizon/views/elements/navigation.ctp, line 14]
2010-05-16 13:21:06 Warning: Warning (2): Invalid argument supplied for foreach() in [/home/rudy/www/vertizon/views/elements/navigation.ctp, line 14]
2010-05-16 13:21:06 Warning: Warning (2): Invalid argument supplied for foreach() in [/home/rudy/www/vertizon/views/elements/navigation.ctp, line 14]
2010-05-16 13:21:06 Warning: Warning (2): Invalid argument supplied for foreach() in [/home/rudy/www/vertizon/views/elements/navigation.ctp, line 14]
2010-05-16 13:21:06 Warning: Warning (2): Invalid argument supplied for foreach() in [/home/rudy/www/vertizon/views/elements/navigation.ctp, line 14]
2010-05-16 13:21:06 Warning: Warning (2): Invalid argument supplied for foreach() in [/home/rudy/www/vertizon/views/elements/navigation.ctp, line 14]
2010-05-16 13:21:06 Warning: Warning (2): Invalid argument supplied for foreach() in [/home/rudy/www/vertizon/views/elements/navigation.ctp, line 14]
2010-05-16 13:21:06 Warning: Warning (2): Invalid argument supplied for foreach() in [/home/rudy/www/vertizon/views/elements/navigation.ctp, line 14]
2010-05-16 13:21:06 Warning: Warning (2): Invalid argument supplied for foreach() in [/home/rudy/www/vertizon/views/elements/navigation.ctp, line 14]
2010-05-16 13:21:06 Warning: Warning (2): Invalid argument supplied for foreach() in [/home/rudy/www/vertizon/views/elements/navigation.ctp, line 14]
2010-05-16 13:32:27 Warning: Warning (2): Invalid argument supplied for foreach() in [/home/rudy/www/vertizon/views/elements/navigation.ctp, line 14]
2010-05-16 13:32:27 Warning: Warning (2): Invalid argument supplied for foreach() in [/home/rudy/www/vertizon/views/elements/navigation.ctp, line 14]
2010-05-16 13:32:27 Warning: Warning (2): Invalid argument supplied for foreach() in [/home/rudy/www/vertizon/views/elements/navigation.ctp, line 14]
2010-05-16 13:32:28 Warning: Warning (2): Invalid argument supplied for foreach() in [/home/rudy/www/vertizon/views/elements/navigation.ctp, line 14]
2010-05-16 13:32:28 Warning: Warning (2): Invalid argument supplied for foreach() in [/home/rudy/www/vertizon/views/elements/navigation.ctp, line 14]
2010-05-16 13:32:28 Warning: Warning (2): Invalid argument supplied for foreach() in [/home/rudy/www/vertizon/views/elements/navigation.ctp, line 14]
2010-05-16 13:32:28 Warning: Warning (2): Invalid argument supplied for foreach() in [/home/rudy/www/vertizon/views/elements/navigation.ctp, line 14]
2010-05-16 13:32:28 Warning: Warning (2): Invalid argument supplied for foreach() in [/home/rudy/www/vertizon/views/elements/navigation.ctp, line 14]
2010-05-16 13:32:28 Warning: Warning (2): Invalid argument supplied for foreach() in [/home/rudy/www/vertizon/views/elements/navigation.ctp, line 14]
2010-05-16 13:32:28 Warning: Warning (2): Invalid argument supplied for foreach() in [/home/rudy/www/vertizon/views/elements/navigation.ctp, line 14]
2010-05-16 13:32:28 Warning: Warning (2): Invalid argument supplied for foreach() in [/home/rudy/www/vertizon/views/elements/navigation.ctp, line 14]
2010-05-16 13:32:28 Warning: Warning (2): Invalid argument supplied for foreach() in [/home/rudy/www/vertizon/views/elements/navigation.ctp, line 14]
2010-05-16 14:05:20 Warning: Warning (2): Invalid argument supplied for foreach() in [/home/rudy/www/vertizon/views/elements/navigation.ctp, line 14]
2010-05-16 14:05:20 Warning: Warning (2): Invalid argument supplied for foreach() in [/home/rudy/www/vertizon/views/elements/navigation.ctp, line 14]
2010-05-16 14:05:20 Warning: Warning (2): Invalid argument supplied for foreach() in [/home/rudy/www/vertizon/views/elements/navigation.ctp, line 14]
2010-05-16 14:05:20 Warning: Warning (2): Invalid argument supplied for foreach() in [/home/rudy/www/vertizon/views/elements/navigation.ctp, line 14]
2010-05-16 14:05:20 Warning: Warning (2): Invalid argument supplied for foreach() in [/home/rudy/www/vertizon/views/elements/navigation.ctp, line 14]
2010-05-16 14:05:20 Warning: Warning (2): Invalid argument supplied for foreach() in [/home/rudy/www/vertizon/views/elements/navigation.ctp, line 14]
2010-05-16 14:05:20 Warning: Warning (2): Invalid argument supplied for foreach() in [/home/rudy/www/vertizon/views/elements/navigation.ctp, line 14]
2010-05-16 14:05:20 Warning: Warning (2): Invalid argument supplied for foreach() in [/home/rudy/www/vertizon/views/elements/navigation.ctp, line 14]
2010-05-16 14:05:20 Warning: Warning (2): Invalid argument supplied for foreach() in [/home/rudy/www/vertizon/views/elements/navigation.ctp, line 14]
2010-05-16 14:05:20 Warning: Warning (2): Invalid argument supplied for foreach() in [/home/rudy/www/vertizon/views/elements/navigation.ctp, line 14]
2010-05-16 14:05:34 Warning: Warning (2): Invalid argument supplied for foreach() in [/home/rudy/www/vertizon/views/elements/navigation.ctp, line 14]
2010-05-16 14:05:34 Warning: Warning (2): Invalid argument supplied for foreach() in [/home/rudy/www/vertizon/views/elements/navigation.ctp, line 14]
2010-05-16 14:05:34 Warning: Warning (2): Invalid argument supplied for foreach() in [/home/rudy/www/vertizon/views/elements/navigation.ctp, line 14]
2010-05-16 14:05:34 Warning: Warning (2): Invalid argument supplied for foreach() in [/home/rudy/www/vertizon/views/elements/navigation.ctp, line 14]
2010-05-16 14:05:34 Warning: Warning (2): Invalid argument supplied for foreach() in [/home/rudy/www/vertizon/views/elements/navigation.ctp, line 14]
2010-05-16 14:05:34 Warning: Warning (2): Invalid argument supplied for foreach() in [/home/rudy/www/vertizon/views/elements/navigation.ctp, line 14]
2010-05-16 14:05:34 Warning: Warning (2): Invalid argument supplied for foreach() in [/home/rudy/www/vertizon/views/elements/navigation.ctp, line 14]
2010-05-16 14:05:34 Warning: Warning (2): Invalid argument supplied for foreach() in [/home/rudy/www/vertizon/views/elements/navigation.ctp, line 14]
2010-05-16 14:05:35 Warning: Warning (2): Invalid argument supplied for foreach() in [/home/rudy/www/vertizon/views/elements/navigation.ctp, line 14]
2010-05-16 14:05:35 Warning: Warning (2): Invalid argument supplied for foreach() in [/home/rudy/www/vertizon/views/elements/navigation.ctp, line 14]
2010-05-16 14:15:03 Warning: Warning (2): Invalid argument supplied for foreach() in [/home/rudy/www/vertizon/views/elements/navigation.ctp, line 14]
2010-05-16 14:15:03 Warning: Warning (2): Invalid argument supplied for foreach() in [/home/rudy/www/vertizon/views/elements/navigation.ctp, line 14]
2010-05-16 14:15:03 Warning: Warning (2): Invalid argument supplied for foreach() in [/home/rudy/www/vertizon/views/elements/navigation.ctp, line 14]
2010-05-16 14:15:03 Warning: Warning (2): Invalid argument supplied for foreach() in [/home/rudy/www/vertizon/views/elements/navigation.ctp, line 14]
2010-05-16 14:15:03 Warning: Warning (2): Invalid argument supplied for foreach() in [/home/rudy/www/vertizon/views/elements/navigation.ctp, line 14]
2010-05-16 14:15:03 Warning: Warning (2): Invalid argument supplied for foreach() in [/home/rudy/www/vertizon/views/elements/navigation.ctp, line 14]
2010-05-16 14:15:03 Warning: Warning (2): Invalid argument supplied for foreach() in [/home/rudy/www/vertizon/views/elements/navigation.ctp, line 14]
2010-05-16 14:15:03 Warning: Warning (2): Invalid argument supplied for foreach() in [/home/rudy/www/vertizon/views/elements/navigation.ctp, line 14]
2010-05-16 14:15:03 Warning: Warning (2): Invalid argument supplied for foreach() in [/home/rudy/www/vertizon/views/elements/navigation.ctp, line 14]
2010-05-16 14:15:03 Warning: Warning (2): Invalid argument supplied for foreach() in [/home/rudy/www/vertizon/views/elements/navigation.ctp, line 14]
2010-05-16 14:18:34 Warning: Warning (2): Invalid argument supplied for foreach() in [/home/rudy/www/vertizon/views/elements/navigation.ctp, line 14]
2010-05-16 14:18:34 Warning: Warning (2): Invalid argument supplied for foreach() in [/home/rudy/www/vertizon/views/elements/navigation.ctp, line 14]
2010-05-16 14:18:34 Warning: Warning (2): Invalid argument supplied for foreach() in [/home/rudy/www/vertizon/views/elements/navigation.ctp, line 14]
2010-05-16 14:18:34 Warning: Warning (2): Invalid argument supplied for foreach() in [/home/rudy/www/vertizon/views/elements/navigation.ctp, line 14]
2010-05-16 14:18:34 Warning: Warning (2): Invalid argument supplied for foreach() in [/home/rudy/www/vertizon/views/elements/navigation.ctp, line 14]
2010-05-16 14:18:34 Warning: Warning (2): Invalid argument supplied for foreach() in [/home/rudy/www/vertizon/views/elements/navigation.ctp, line 14]
2010-05-16 14:18:34 Warning: Warning (2): Invalid argument supplied for foreach() in [/home/rudy/www/vertizon/views/elements/navigation.ctp, line 14]
2010-05-16 14:18:34 Warning: Warning (2): Invalid argument supplied for foreach() in [/home/rudy/www/vertizon/views/elements/navigation.ctp, line 14]
2010-05-16 14:18:34 Warning: Warning (2): Invalid argument supplied for foreach() in [/home/rudy/www/vertizon/views/elements/navigation.ctp, line 14]
2010-05-16 14:18:34 Warning: Warning (2): Invalid argument supplied for foreach() in [/home/rudy/www/vertizon/views/elements/navigation.ctp, line 14]
2010-05-16 14:18:59 Warning: Warning (2): Invalid argument supplied for foreach() in [/home/rudy/www/vertizon/views/elements/navigation.ctp, line 14]
2010-05-16 14:18:59 Warning: Warning (2): Invalid argument supplied for foreach() in [/home/rudy/www/vertizon/views/elements/navigation.ctp, line 14]
2010-05-16 14:18:59 Warning: Warning (2): Invalid argument supplied for foreach() in [/home/rudy/www/vertizon/views/elements/navigation.ctp, line 14]
2010-05-16 14:18:59 Warning: Warning (2): Invalid argument supplied for foreach() in [/home/rudy/www/vertizon/views/elements/navigation.ctp, line 14]
2010-05-16 14:18:59 Warning: Warning (2): Invalid argument supplied for foreach() in [/home/rudy/www/vertizon/views/elements/navigation.ctp, line 14]
2010-05-16 14:18:59 Warning: Warning (2): Invalid argument supplied for foreach() in [/home/rudy/www/vertizon/views/elements/navigation.ctp, line 14]
2010-05-16 14:18:59 Warning: Warning (2): Invalid argument supplied for foreach() in [/home/rudy/www/vertizon/views/elements/navigation.ctp, line 14]
2010-05-16 14:18:59 Warning: Warning (2): Invalid argument supplied for foreach() in [/home/rudy/www/vertizon/views/elements/navigation.ctp, line 14]
2010-05-16 14:18:59 Warning: Warning (2): Invalid argument supplied for foreach() in [/home/rudy/www/vertizon/views/elements/navigation.ctp, line 14]
2010-05-16 14:20:00 Warning: Warning (2): Invalid argument supplied for foreach() in [/home/rudy/www/vertizon/views/elements/navigation.ctp, line 14]
2010-05-16 14:20:00 Warning: Warning (2): Invalid argument supplied for foreach() in [/home/rudy/www/vertizon/views/elements/navigation.ctp, line 14]
2010-05-16 14:20:00 Warning: Warning (2): Invalid argument supplied for foreach() in [/home/rudy/www/vertizon/views/elements/navigation.ctp, line 14]
2010-05-16 14:20:00 Warning: Warning (2): Invalid argument supplied for foreach() in [/home/rudy/www/vertizon/views/elements/navigation.ctp, line 14]
2010-05-16 14:20:00 Warning: Warning (2): Invalid argument supplied for foreach() in [/home/rudy/www/vertizon/views/elements/navigation.ctp, line 14]
2010-05-16 14:20:01 Warning: Warning (2): Invalid argument supplied for foreach() in [/home/rudy/www/vertizon/views/elements/navigation.ctp, line 14]
2010-05-16 14:20:01 Warning: Warning (2): Invalid argument supplied for foreach() in [/home/rudy/www/vertizon/views/elements/navigation.ctp, line 14]
2010-05-16 14:20:01 Warning: Warning (2): Invalid argument supplied for foreach() in [/home/rudy/www/vertizon/views/elements/navigation.ctp, line 14]
2010-05-16 14:20:01 Warning: Warning (2): Invalid argument supplied for foreach() in [/home/rudy/www/vertizon/views/elements/navigation.ctp, line 14]
2010-05-16 14:20:17 Warning: Warning (2): Invalid argument supplied for foreach() in [/home/rudy/www/vertizon/views/elements/navigation.ctp, line 14]
2010-05-16 14:20:17 Warning: Warning (2): Invalid argument supplied for foreach() in [/home/rudy/www/vertizon/views/elements/navigation.ctp, line 14]
2010-05-16 14:20:17 Warning: Warning (2): Invalid argument supplied for foreach() in [/home/rudy/www/vertizon/views/elements/navigation.ctp, line 14]
2010-05-16 14:20:17 Warning: Warning (2): Invalid argument supplied for foreach() in [/home/rudy/www/vertizon/views/elements/navigation.ctp, line 14]
2010-05-16 14:20:18 Warning: Warning (2): Invalid argument supplied for foreach() in [/home/rudy/www/vertizon/views/elements/navigation.ctp, line 14]
2010-05-16 14:20:18 Warning: Warning (2): Invalid argument supplied for foreach() in [/home/rudy/www/vertizon/views/elements/navigation.ctp, line 14]
2010-05-16 14:20:18 Warning: Warning (2): Invalid argument supplied for foreach() in [/home/rudy/www/vertizon/views/elements/navigation.ctp, line 14]
2010-05-16 14:20:18 Warning: Warning (2): Invalid argument supplied for foreach() in [/home/rudy/www/vertizon/views/elements/navigation.ctp, line 14]
2010-05-16 14:20:18 Warning: Warning (2): Invalid argument supplied for foreach() in [/home/rudy/www/vertizon/views/elements/navigation.ctp, line 14]
2010-05-16 14:20:24 Warning: Warning (2): Invalid argument supplied for foreach() in [/home/rudy/www/vertizon/views/elements/navigation.ctp, line 14]
2010-05-16 14:20:24 Warning: Warning (2): Invalid argument supplied for foreach() in [/home/rudy/www/vertizon/views/elements/navigation.ctp, line 14]
2010-05-16 14:20:24 Warning: Warning (2): Invalid argument supplied for foreach() in [/home/rudy/www/vertizon/views/elements/navigation.ctp, line 14]
2010-05-16 14:20:24 Warning: Warning (2): Invalid argument supplied for foreach() in [/home/rudy/www/vertizon/views/elements/navigation.ctp, line 14]
2010-05-16 14:20:24 Warning: Warning (2): Invalid argument supplied for foreach() in [/home/rudy/www/vertizon/views/elements/navigation.ctp, line 14]
